<?xml version="1.0" encoding="utf-8"?>
<TestRun id="2c2e6fe3-ca71-4354-8049-3a699085bdda" name="Robbie@DESKTOP-GN1K3QQ 2025-12-11 16:45:02" runUser="DESKTOP-GN1K3QQ\Robbie" xmlns="http://microsoft.com/schemas/VisualStudio/TeamTest/2010">
  <Times creation="2025-12-11T16:45:02.8461542-05:00" queuing="2025-12-11T16:45:02.8461544-05:00" start="2025-12-11T16:45:02.0998147-05:00" finish="2025-12-11T16:45:22.4965266-05:00" />
  <TestSettings name="default" id="7b9bea0e-bedf-4572-98f0-1f6ef3ab5e5d">
    <Deployment runDeploymentRoot="Robbie_DESKTOP-GN1K3QQ_2025-12-11_16_45_02" />
  </TestSettings>
  <Results>
    <UnitTestResult executionId="3632dc2d-22f3-4954-96c0-72aa9e856136" testId="99a77a26-6eb8-68b9-cbc8-109a1c6641f7" testName="Listenarr.Api.Tests.IndexersNewznabAuthTests.TestDraft_Torznab_EmptyApiKey_ReturnsBadRequest" computerName="DESKTOP-GN1K3QQ" duration="00:00:00.0011199" startTime="2025-12-11T16:45:03.7934160-05:00" endTime="2025-12-11T16:45:03.7934162-05:00" testType="13cdc9d9-ddb5-4fa4-a97d-d965ccfc6d4b" outcome="Passed" testListId="8c84fa94-04c1-424b-9868-57a2d4851a1d" relativeResultsDirectory="3632dc2d-22f3-4954-96c0-72aa9e856136" />
    <UnitTestResult executionId="c580b52e-2167-4de8-8fa1-9f5ef781ca12" testId="4518f021-5632-7cf4-d955-e7f7f6bfe482" testName="Listenarr.Api.Tests.LibraryDto_WantedFlagTests.GetById_IncludesWantedFlag_Correctly" computerName="DESKTOP-GN1K3QQ" duration="00:00:00.2216756" startTime="2025-12-11T16:45:04.0340012-05:00" endTime="2025-12-11T16:45:04.0340015-05:00" testType="13cdc9d9-ddb5-4fa4-a97d-d965ccfc6d4b" outcome="Passed" testListId="8c84fa94-04c1-424b-9868-57a2d4851a1d" relativeResultsDirectory="c580b52e-2167-4de8-8fa1-9f5ef781ca12" />
    <UnitTestResult executionId="bd280b78-768e-4db5-8ae2-9eedbf16948d" testId="345e29e0-bd39-b533-e41d-9c26f530c16c" testName="Listenarr.Api.Tests.DownloadService_ImportTests.MultiFileImport_ImportsAllFiles_WithUniqueNames" computerName="DESKTOP-GN1K3QQ" duration="00:00:00.0896645" startTime="2025-12-11T16:45:04.2667400-05:00" endTime="2025-12-11T16:45:04.2667402-05:00" testType="13cdc9d9-ddb5-4fa4-a97d-d965ccfc6d4b" outcome="Passed" testListId="8c84fa94-04c1-424b-9868-57a2d4851a1d" relativeResultsDirectory="bd280b78-768e-4db5-8ae2-9eedbf16948d" />
    <UnitTestResult executionId="06770731-3723-4608-b638-cefb967609e3" testId="4d54e567-1bbe-004d-d1c8-b10c9430a2cf" testName="Listenarr.Api.Tests.NotificationServiceTests.SendNotificationAsync_AttachesImageAndReferencesAttachmentInPayload" computerName="DESKTOP-GN1K3QQ" duration="00:00:00.0718429" startTime="2025-12-11T16:45:04.1033402-05:00" endTime="2025-12-11T16:45:04.1033405-05:00" testType="13cdc9d9-ddb5-4fa4-a97d-d965ccfc6d4b" outcome="Passed" testListId="8c84fa94-04c1-424b-9868-57a2d4851a1d" relativeResultsDirectory="06770731-3723-4608-b638-cefb967609e3" />
    <UnitTestResult executionId="48989d1b-87c0-49f2-bda9-faef330fea84" testId="8f46bfcb-696c-54ac-5ed8-289f2bbfb76a" testName="Listenarr.Api.Tests.DownloadProcessingTests.ProcessCompletedDownload_CreatesAudiobookFileAndBroadcasts" computerName="DESKTOP-GN1K3QQ" duration="00:00:00.0291889" startTime="2025-12-11T16:45:04.2059951-05:00" endTime="2025-12-11T16:45:04.2059954-05:00" testType="13cdc9d9-ddb5-4fa4-a97d-d965ccfc6d4b" outcome="Passed" testListId="8c84fa94-04c1-424b-9868-57a2d4851a1d" relativeResultsDirectory="48989d1b-87c0-49f2-bda9-faef330fea84" />
    <UnitTestResult executionId="cc413c57-ba1d-4b5e-b883-8a4c7b0592e7" testId="5b8265d4-be38-484e-d8e6-b48d3c37d20b" testName="Listenarr.Api.Tests.DownloadProcessingTests.ProcessCompletedDownload_AudiobookWithBasePath_UsesFilenameOnly_NoExtraFolders" computerName="DESKTOP-GN1K3QQ" duration="00:00:01.3484962" startTime="2025-12-11T16:45:04.1766324-05:00" endTime="2025-12-11T16:45:04.1766325-05:00" testType="13cdc9d9-ddb5-4fa4-a97d-d965ccfc6d4b" outcome="Passed" testListId="8c84fa94-04c1-424b-9868-57a2d4851a1d" relativeResultsDirectory="cc413c57-ba1d-4b5e-b883-8a4c7b0592e7" />
    <UnitTestResult executionId="2f716640-9684-42ef-8e1e-0a5a07f56cb1" testId="ab85ac57-260d-b809-7551-57dc211aebe5" testName="Listenarr.Api.Tests.DownloadMonitorFinalizationTests.PollSABnzbd_MatchesHistoryByNzoId_AndFinalizesDownload" computerName="DESKTOP-GN1K3QQ" duration="00:00:00.0109665" startTime="2025-12-11T16:45:04.2021812-05:00" endTime="2025-12-11T16:45:04.2021813-05:00" testType="13cdc9d9-ddb5-4fa4-a97d-d965ccfc6d4b" outcome="Passed" testListId="8c84fa94-04c1-424b-9868-57a2d4851a1d" relativeResultsDirectory="2f716640-9684-42ef-8e1e-0a5a07f56cb1">
      <Output>
        <StdOut>Mock factory CreateClient called with name: 'DownloadClient'</StdOut>
      </Output>
    </UnitTestResult>
    <UnitTestResult executionId="76aac6a6-327c-40e2-b044-fbb21a218416" testId="da36c4e2-2e8a-ddd1-c935-ee3416d41ea1" testName="Listenarr.Api.Tests.IndexersNewznabAuthTests.TestPersisted_Newznab_ValidApiKey_PersistsSuccessToDatabase" computerName="DESKTOP-GN1K3QQ" duration="00:00:00.0156324" startTime="2025-12-11T16:45:03.8103132-05:00" endTime="2025-12-11T16:45:03.8103134-05:00" testType="13cdc9d9-ddb5-4fa4-a97d-d965ccfc6d4b" outcome="Passed" testListId="8c84fa94-04c1-424b-9868-57a2d4851a1d" relativeResultsDirectory="76aac6a6-327c-40e2-b044-fbb21a218416" />
    <UnitTestResult executionId="693196fd-7158-4627-a68b-f4f9a86f1e1a" testId="40876b3d-b80f-ade2-d6c5-e6f762f7ea41" testName="Listenarr.Api.Tests.DownloadMonitorFinalizationTests.FinalizeDownload_CopiesFile_WhenSettingIsCopy" computerName="DESKTOP-GN1K3QQ" duration="00:00:00.0132048" startTime="2025-12-11T16:45:05.2469811-05:00" endTime="2025-12-11T16:45:05.2469817-05:00" testType="13cdc9d9-ddb5-4fa4-a97d-d965ccfc6d4b" outcome="Passed" testListId="8c84fa94-04c1-424b-9868-57a2d4851a1d" relativeResultsDirectory="693196fd-7158-4627-a68b-f4f9a86f1e1a" />
    <UnitTestResult executionId="e1c460d5-4de0-458f-b2e3-9d7d98065528" testId="76d9a405-680b-675c-e824-45e840ca6efa" testName="Listenarr.Api.Tests.DownloadNaming_AudiobookMetadataTests.ProcessCompletedDownload_UsesAudiobookMetadata_ForNaming" computerName="DESKTOP-GN1K3QQ" duration="00:00:00.3988219" startTime="2025-12-11T16:45:04.1776475-05:00" endTime="2025-12-11T16:45:04.1776477-05:00" testType="13cdc9d9-ddb5-4fa4-a97d-d965ccfc6d4b" outcome="Passed" testListId="8c84fa94-04c1-424b-9868-57a2d4851a1d" relativeResultsDirectory="e1c460d5-4de0-458f-b2e3-9d7d98065528" />
    <UnitTestResult executionId="35443d31-c160-4162-a304-4786dde59277" testId="3697e58b-359a-f643-328e-66a041914ff3" testName="Listenarr.Api.Tests.NotificationServiceTests.CreateDiscordPayload_IncludesPublisherYearImageAndFooter_WhenProvided" computerName="DESKTOP-GN1K3QQ" duration="00:00:00.0027659" startTime="2025-12-11T16:45:04.0308053-05:00" endTime="2025-12-11T16:45:04.0308057-05:00" testType="13cdc9d9-ddb5-4fa4-a97d-d965ccfc6d4b" outcome="Passed" testListId="8c84fa94-04c1-424b-9868-57a2d4851a1d" relativeResultsDirectory="35443d31-c160-4162-a304-4786dde59277" />
    <UnitTestResult executionId="ab87d624-d55b-4a93-ab2c-f1603113dcec" testId="bf883dd4-4fea-f7e1-7839-fd6b76b1f81f" testName="Listenarr.Api.Tests.IndexersNewznabAuthTests.TestDraft_Newznab_EmptyApiKey_ReturnsBadRequest" computerName="DESKTOP-GN1K3QQ" duration="00:00:00.1578111" startTime="2025-12-11T16:45:02.9190278-05:00" endTime="2025-12-11T16:45:02.9190279-05:00" testType="13cdc9d9-ddb5-4fa4-a97d-d965ccfc6d4b" outcome="Passed" testListId="8c84fa94-04c1-424b-9868-57a2d4851a1d" relativeResultsDirectory="ab87d624-d55b-4a93-ab2c-f1603113dcec" />
    <UnitTestResult executionId="d4b270f1-e6ff-43fb-a181-ec9574c1a6b8" testId="5eca7c39-339f-de2d-97bc-a31a979b3419" testName="Listenarr.Api.Tests.LibraryController_BasePathTests.ComputeAudiobookBaseDirectoryFromPattern_NonSeriesBook_ReturnsCorrectPath" computerName="DESKTOP-GN1K3QQ" duration="00:00:00.0110940" startTime="2025-12-11T16:45:02.9445380-05:00" endTime="2025-12-11T16:45:02.9445386-05:00" testType="13cdc9d9-ddb5-4fa4-a97d-d965ccfc6d4b" outcome="Passed" testListId="8c84fa94-04c1-424b-9868-57a2d4851a1d" relativeResultsDirectory="d4b270f1-e6ff-43fb-a181-ec9574c1a6b8" />
    <UnitTestResult executionId="36b7fce0-cb8b-4627-b5d5-9f59df0fa61d" testId="d8340ad7-bd3f-ca39-4e41-d2652b748c11" testName="Listenarr.Api.Tests.IndexersPersistedAuthTests.TestPersisted_Newznab_InvalidApiKey_PersistsFailure" computerName="DESKTOP-GN1K3QQ" duration="00:00:00.0187261" startTime="2025-12-11T16:45:03.8103714-05:00" endTime="2025-12-11T16:45:03.8103715-05:00" testType="13cdc9d9-ddb5-4fa4-a97d-d965ccfc6d4b" outcome="Passed" testListId="8c84fa94-04c1-424b-9868-57a2d4851a1d" relativeResultsDirectory="36b7fce0-cb8b-4627-b5d5-9f59df0fa61d" />
    <UnitTestResult executionId="09d4b518-9bfb-4b4f-8f9a-8ff8061d0ac6" testId="dfaa7ac0-62a8-3f6d-c0a3-177855b805d2" testName="Listenarr.Api.Tests.FileUtilsTests.GetUniqueDestinationPath_InvalidPredicate_ThrowsHandled_ReturnsOriginal" computerName="DESKTOP-GN1K3QQ" duration="00:00:00.0004704" startTime="2025-12-11T16:45:02.8172629-05:00" endTime="2025-12-11T16:45:02.8172630-05:00" testType="13cdc9d9-ddb5-4fa4-a97d-d965ccfc6d4b" outcome="Passed" testListId="8c84fa94-04c1-424b-9868-57a2d4851a1d" relativeResultsDirectory="09d4b518-9bfb-4b4f-8f9a-8ff8061d0ac6" />
    <UnitTestResult executionId="59289155-9c15-456f-a07e-a2d9a5891387" testId="38fb669c-0c05-c42a-dd5b-193fb0ee5b99" testName="Listenarr.Api.Tests.MetadataIntegrationTests.EnsureAudiobookFileAsync_PersistsMetadataFromMetadataService" computerName="DESKTOP-GN1K3QQ" duration="00:00:01.1390392" startTime="2025-12-11T16:45:04.1308630-05:00" endTime="2025-12-11T16:45:04.1308633-05:00" testType="13cdc9d9-ddb5-4fa4-a97d-d965ccfc6d4b" outcome="Passed" testListId="8c84fa94-04c1-424b-9868-57a2d4851a1d" relativeResultsDirectory="59289155-9c15-456f-a07e-a2d9a5891387" />
    <UnitTestResult executionId="0de855f3-c0ff-4d31-9ca1-292fea5e67c8" testId="3ed5d020-327e-4fdc-e2fe-1baf156c53de" testName="Listenarr.Api.Tests.ParseLanguageTests.ParseLanguageFromText_RecognizesCodes(input: &quot;Some Title EN&quot;, expected: &quot;English&quot;)" computerName="DESKTOP-GN1K3QQ" duration="00:00:00.0000237" startTime="2025-12-11T16:45:03.9561129-05:00" endTime="2025-12-11T16:45:03.9561130-05:00" testType="13cdc9d9-ddb5-4fa4-a97d-d965ccfc6d4b" outcome="Passed" testListId="8c84fa94-04c1-424b-9868-57a2d4851a1d" relativeResultsDirectory="0de855f3-c0ff-4d31-9ca1-292fea5e67c8" />
    <UnitTestResult executionId="d4c16c6e-56da-43d8-a0df-70c437e1a933" testId="eebe95d1-5fca-5e80-a789-2ffdc93ad379" testName="Listenarr.Api.Tests.IndexersControllerTests.TestDraft_Newznab_AppendsApiKeyQueryParam" computerName="DESKTOP-GN1K3QQ" duration="00:00:00.1182007" startTime="2025-12-11T16:45:02.9213474-05:00" endTime="2025-12-11T16:45:02.9213477-05:00" testType="13cdc9d9-ddb5-4fa4-a97d-d965ccfc6d4b" outcome="Passed" testListId="8c84fa94-04c1-424b-9868-57a2d4851a1d" relativeResultsDirectory="d4c16c6e-56da-43d8-a0df-70c437e1a933" />
    <UnitTestResult executionId="ea017df2-2a23-417e-8a90-dc8a32a0e8f4" testId="cf5fa8f7-3350-6553-7ef1-9e36626374b2" testName="Listenarr.Api.Tests.CompletedDownloadProcessorTests.ProcessCompletedDownloadAsync_Directory_InvokesDirectoryImport" computerName="DESKTOP-GN1K3QQ" duration="00:00:00.0507001" startTime="2025-12-11T16:45:02.9218383-05:00" endTime="2025-12-11T16:45:02.9218385-05:00" testType="13cdc9d9-ddb5-4fa4-a97d-d965ccfc6d4b" outcome="Passed" testListId="8c84fa94-04c1-424b-9868-57a2d4851a1d" relativeResultsDirectory="ea017df2-2a23-417e-8a90-dc8a32a0e8f4" />
    <UnitTestResult executionId="681e57e9-6b77-4885-a389-149790e96c69" testId="530f00cb-3290-d366-caea-a19b0ea4fc07" testName="Listenarr.Api.Tests.IndexersNewznabAuthTests.TestDraft_Newznab_HttpForbidden_DetectsAuthFailure" computerName="DESKTOP-GN1K3QQ" duration="00:00:00.0013089" startTime="2025-12-11T16:45:02.9209667-05:00" endTime="2025-12-11T16:45:02.9209668-05:00" testType="13cdc9d9-ddb5-4fa4-a97d-d965ccfc6d4b" outcome="Passed" testListId="8c84fa94-04c1-424b-9868-57a2d4851a1d" relativeResultsDirectory="681e57e9-6b77-4885-a389-149790e96c69" />
    <UnitTestResult executionId="29a8a9a0-bb8a-4885-88dd-31d3812bd71b" testId="560a7cc2-3976-21ae-0b71-adf356987f47" testName="Listenarr.Api.Tests.SecurityRedactionTests.NotificationService_LogsAreRedacted_WhenResponseContainsSensitiveValue" computerName="DESKTOP-GN1K3QQ" duration="00:00:00.1022736" startTime="2025-12-11T16:45:03.9845155-05:00" endTime="2025-12-11T16:45:03.9845157-05:00" testType="13cdc9d9-ddb5-4fa4-a97d-d965ccfc6d4b" outcome="Passed" testListId="8c84fa94-04c1-424b-9868-57a2d4851a1d" relativeResultsDirectory="29a8a9a0-bb8a-4885-88dd-31d3812bd71b" />
    <UnitTestResult executionId="60023b92-f41d-498f-97c9-b64cb992975c" testId="5fc1cd7d-597b-7c8c-756e-7db6a8c49dc4" testName="Listenarr.Api.Tests.FinalizePathHelperTests.BuildMultiFileDestination_WithAuthorInTitle_SplitsAuthorAndTitle" computerName="DESKTOP-GN1K3QQ" duration="00:00:00.0003117" startTime="2025-12-11T16:45:02.7977082-05:00" endTime="2025-12-11T16:45:02.7977083-05:00" testType="13cdc9d9-ddb5-4fa4-a97d-d965ccfc6d4b" outcome="Passed" testListId="8c84fa94-04c1-424b-9868-57a2d4851a1d" relativeResultsDirectory="60023b92-f41d-498f-97c9-b64cb992975c" />
    <UnitTestResult executionId="2c9d8f24-8d1f-448b-a953-16890469a27c" testId="8e28540c-1ec3-e749-1247-10ff42738ede" testName="Listenarr.Api.Tests.DownloadService_ImportTests.QualityGating_SkipsLowerQualityImport" computerName="DESKTOP-GN1K3QQ" duration="00:00:00.0430705" startTime="2025-12-11T16:45:04.1775351-05:00" endTime="2025-12-11T16:45:04.1775359-05:00" testType="13cdc9d9-ddb5-4fa4-a97d-d965ccfc6d4b" outcome="Passed" testListId="8c84fa94-04c1-424b-9868-57a2d4851a1d" relativeResultsDirectory="2c9d8f24-8d1f-448b-a953-16890469a27c" />
    <UnitTestResult executionId="58103b00-e6dc-49c6-830e-e6df2d1e87aa" testId="1af4092c-4667-f413-2bfe-2a27f37f0f06" testName="Listenarr.Api.Tests.HostedServicesRegistrationTests.AddListenarrHostedServices_RegistersHostedServicesAndSingletons" computerName="DESKTOP-GN1K3QQ" duration="00:00:00.0035506" startTime="2025-12-11T16:45:03.9171765-05:00" endTime="2025-12-11T16:45:03.9171769-05:00" testType="13cdc9d9-ddb5-4fa4-a97d-d965ccfc6d4b" outcome="Passed" testListId="8c84fa94-04c1-424b-9868-57a2d4851a1d" relativeResultsDirectory="58103b00-e6dc-49c6-830e-e6df2d1e87aa" />
    <UnitTestResult executionId="9afa48c6-293f-4b54-a701-8cd3c736eac5" testId="6a839eb5-7933-cb68-e3f0-df1646951b92" testName="Listenarr.Api.Tests.DownloadProcessingQueueServiceTests.QueuePreventsDuplicateActiveJob_ReturnsExisting" computerName="DESKTOP-GN1K3QQ" duration="00:00:00.3268425" startTime="2025-12-11T16:45:04.1397295-05:00" endTime="2025-12-11T16:45:04.1397297-05:00" testType="13cdc9d9-ddb5-4fa4-a97d-d965ccfc6d4b" outcome="Passed" testListId="8c84fa94-04c1-424b-9868-57a2d4851a1d" relativeResultsDirectory="9afa48c6-293f-4b54-a701-8cd3c736eac5" />
    <UnitTestResult executionId="1b0a6cd2-9a63-4596-bcaf-69e1ae89af12" testId="56d04999-f6db-1075-4abe-c5632f02363e" testName="Listenarr.Api.Tests.FileUtilsTests.GetUniqueDestinationPath_RespectsInMemoryUsedSet" computerName="DESKTOP-GN1K3QQ" duration="00:00:00.0204594" startTime="2025-12-11T16:45:02.7958735-05:00" endTime="2025-12-11T16:45:02.7958737-05:00" testType="13cdc9d9-ddb5-4fa4-a97d-d965ccfc6d4b" outcome="Passed" testListId="8c84fa94-04c1-424b-9868-57a2d4851a1d" relativeResultsDirectory="1b0a6cd2-9a63-4596-bcaf-69e1ae89af12" />
    <UnitTestResult executionId="b35cbe15-855c-48dc-ad4a-9eb9538693c1" testId="7f077022-1529-946f-6a3d-c6dd47ab08ab" testName="Listenarr.Api.Tests.IndexersSearchIntegrationTests.IndexersSearch_ReturnsIndexerResults_WhenSearchServiceIsMocked" computerName="DESKTOP-GN1K3QQ" duration="00:00:02.0121885" startTime="2025-12-11T16:45:04.7715977-05:00" endTime="2025-12-11T16:45:04.7715981-05:00" testType="13cdc9d9-ddb5-4fa4-a97d-d965ccfc6d4b" outcome="Passed" testListId="8c84fa94-04c1-424b-9868-57a2d4851a1d" relativeResultsDirectory="b35cbe15-855c-48dc-ad4a-9eb9538693c1" />
    <UnitTestResult executionId="513a8315-a4a0-4d7d-b905-39bb781cd79e" testId="6f9821da-9b30-7758-4580-0b08ae4588df" testName="Listenarr.Api.Tests.FileMoverFallbackTests.MoveFileAsync_MovesFileSuccessfully" computerName="DESKTOP-GN1K3QQ" duration="00:00:00.0050666" startTime="2025-12-11T16:45:11.2251004-05:00" endTime="2025-12-11T16:45:11.2251007-05:00" testType="13cdc9d9-ddb5-4fa4-a97d-d965ccfc6d4b" outcome="Passed" testListId="8c84fa94-04c1-424b-9868-57a2d4851a1d" relativeResultsDirectory="513a8315-a4a0-4d7d-b905-39bb781cd79e" />
    <UnitTestResult executionId="7aae23f8-b314-4353-bfbe-f93dc2324583" testId="e734e2c5-b5f3-cd39-4483-8efe2759d5bc" testName="Listenarr.Api.Tests.ParseLanguageTests.ParseLanguageFromText_RecognizesCodes(input: &quot;[GER / MP3] Foo&quot;, expected: &quot;German&quot;)" computerName="DESKTOP-GN1K3QQ" duration="00:00:00.0000288" startTime="2025-12-11T16:45:03.9560103-05:00" endTime="2025-12-11T16:45:03.9560103-05:00" testType="13cdc9d9-ddb5-4fa4-a97d-d965ccfc6d4b" outcome="Passed" testListId="8c84fa94-04c1-424b-9868-57a2d4851a1d" relativeResultsDirectory="7aae23f8-b314-4353-bfbe-f93dc2324583" />
    <UnitTestResult executionId="81e02ab5-c5bc-4adb-b459-8ae60d7fd23c" testId="5d417616-b328-3036-bc7f-3a955da4f25f" testName="Listenarr.Api.Tests.AudioFileServiceTests.EnsureAudiobookFileAsync_RefusesFileOutsideAudiobookFolder_AndCreatesHistory" computerName="DESKTOP-GN1K3QQ" duration="00:00:00.0209995" startTime="2025-12-11T16:45:04.1506855-05:00" endTime="2025-12-11T16:45:04.1506856-05:00" testType="13cdc9d9-ddb5-4fa4-a97d-d965ccfc6d4b" outcome="Passed" testListId="8c84fa94-04c1-424b-9868-57a2d4851a1d" relativeResultsDirectory="81e02ab5-c5bc-4adb-b459-8ae60d7fd23c" />
    <UnitTestResult executionId="18ae1b2d-a3ca-4357-acf4-40f89fb5e782" testId="9c55d050-5a18-6199-b4c8-180942e7d004" testName="Listenarr.Api.Tests.Services.DiscordBotServiceTests.StartAndStopBot_WithFakeRunner_StartsAndStopsProcess" computerName="DESKTOP-GN1K3QQ" duration="00:00:01.2867462" startTime="2025-12-11T16:45:04.2197407-05:00" endTime="2025-12-11T16:45:04.2197410-05:00" testType="13cdc9d9-ddb5-4fa4-a97d-d965ccfc6d4b" outcome="Passed" testListId="8c84fa94-04c1-424b-9868-57a2d4851a1d" relativeResultsDirectory="18ae1b2d-a3ca-4357-acf4-40f89fb5e782">
      <Output>
        <StdOut>[Test] ContentRootPath: C:\Users\Robbie\AppData\Local\Temp\listenarr_test_discord_67d5a4605a4a41c19dba1b8b77906021&#xD;
[Test] Bot dir exists: True&#xD;
[Test] index.js exists: True</StdOut>
      </Output>
    </UnitTestResult>
    <UnitTestResult executionId="4729045f-3aa7-421e-86b2-d3eaf6cd35c3" testId="245ae9d8-cc07-8a2f-2ad7-1110353f3811" testName="Listenarr.Api.Tests.FileUtilsTests.GetUniqueDestinationPath_ReturnsSameIfNotExists" computerName="DESKTOP-GN1K3QQ" duration="00:00:00.0012008" startTime="2025-12-11T16:45:02.7992674-05:00" endTime="2025-12-11T16:45:02.7992677-05:00" testType="13cdc9d9-ddb5-4fa4-a97d-d965ccfc6d4b" outcome="Passed" testListId="8c84fa94-04c1-424b-9868-57a2d4851a1d" relativeResultsDirectory="4729045f-3aa7-421e-86b2-d3eaf6cd35c3" />
    <UnitTestResult executionId="d2d3b659-f804-45ae-a71d-29de4c39acd1" testId="67843a9b-8ac4-14a0-2d56-a3168039f562" testName="Listenarr.Api.Tests.JsonValueConvertersTests.JsonValueConverter_RoundTripsDictionary" computerName="DESKTOP-GN1K3QQ" duration="00:00:00.0057067" startTime="2025-12-11T16:45:03.9312252-05:00" endTime="2025-12-11T16:45:03.9312256-05:00" testType="13cdc9d9-ddb5-4fa4-a97d-d965ccfc6d4b" outcome="Passed" testListId="8c84fa94-04c1-424b-9868-57a2d4851a1d" relativeResultsDirectory="d2d3b659-f804-45ae-a71d-29de4c39acd1" />
    <UnitTestResult executionId="77e8b794-a89f-43ad-8b8a-9374f25a2c5f" testId="f66ade6b-5b0f-f448-c5af-00fd7f5546e3" testName="Listenarr.Api.Tests.AudioFileServiceTests.EnsureAudiobookFileAsync_HandlesUniqueConstraintViolation_ReturnsFalse" computerName="DESKTOP-GN1K3QQ" duration="00:00:01.2672945" startTime="2025-12-11T16:45:04.0268537-05:00" endTime="2025-12-11T16:45:04.0268538-05:00" testType="13cdc9d9-ddb5-4fa4-a97d-d965ccfc6d4b" outcome="Passed" testListId="8c84fa94-04c1-424b-9868-57a2d4851a1d" relativeResultsDirectory="77e8b794-a89f-43ad-8b8a-9374f25a2c5f" />
    <UnitTestResult executionId="ac4dd95e-ea4e-4e4b-aa58-4c055018b4fd" testId="e541b9cc-c926-01c8-2f5c-13e0566d5c41" testName="Listenarr.Api.Tests.TitleMatchingServiceTests.AreTitlesSimilar_LongPrefixMatch_ReturnsTrue" computerName="DESKTOP-GN1K3QQ" duration="00:00:00.0003000" startTime="2025-12-11T16:45:02.8151182-05:00" endTime="2025-12-11T16:45:02.8151183-05:00" testType="13cdc9d9-ddb5-4fa4-a97d-d965ccfc6d4b" outcome="Passed" testListId="8c84fa94-04c1-424b-9868-57a2d4851a1d" relativeResultsDirectory="ac4dd95e-ea4e-4e4b-aa58-4c055018b4fd" />
    <UnitTestResult executionId="028de8e4-42b1-42ea-b2a9-34a148fb81b9" testId="28fcd183-c229-f479-2b3a-b3015d54e476" testName="Listenarr.Api.Tests.FileUtilsTests.GetUniqueDestinationPath_AppendsSuffixWhenExists" computerName="DESKTOP-GN1K3QQ" duration="00:00:00.0038743" startTime="2025-12-11T16:45:02.8275637-05:00" endTime="2025-12-11T16:45:02.8275642-05:00" testType="13cdc9d9-ddb5-4fa4-a97d-d965ccfc6d4b" outcome="Passed" testListId="8c84fa94-04c1-424b-9868-57a2d4851a1d" relativeResultsDirectory="028de8e4-42b1-42ea-b2a9-34a148fb81b9" />
    <UnitTestResult executionId="47eaa6de-8ebc-424f-aeea-3e74a40a4cbc" testId="3bbdfc49-731a-0f79-4be1-04075823aa1d" testName="Listenarr.Api.Tests.FinalizePathHelperTests.BuildMultiFileDestination_WithSeries_IncludesSeriesFolder" computerName="DESKTOP-GN1K3QQ" duration="00:00:00.0220479" startTime="2025-12-11T16:45:02.7843175-05:00" endTime="2025-12-11T16:45:02.7843601-05:00" testType="13cdc9d9-ddb5-4fa4-a97d-d965ccfc6d4b" outcome="Passed" testListId="8c84fa94-04c1-424b-9868-57a2d4851a1d" relativeResultsDirectory="47eaa6de-8ebc-424f-aeea-3e74a40a4cbc" />
    <UnitTestResult executionId="503d078a-7fb6-4428-b366-cf6f85a18041" testId="1f7b9da8-f76b-de99-90c5-1bffbb647ed0" testName="Listenarr.Api.Tests.AudioFileServiceTests.EnsureAudiobookFileAsync_CreatesFileRecord_HappyPath" computerName="DESKTOP-GN1K3QQ" duration="00:00:00.0886489" startTime="2025-12-11T16:45:04.1295417-05:00" endTime="2025-12-11T16:45:04.1295420-05:00" testType="13cdc9d9-ddb5-4fa4-a97d-d965ccfc6d4b" outcome="Passed" testListId="8c84fa94-04c1-424b-9868-57a2d4851a1d" relativeResultsDirectory="503d078a-7fb6-4428-b366-cf6f85a18041" />
    <UnitTestResult executionId="69712dd6-86d1-41a5-a6c6-ad763f53145d" testId="49939d31-bed4-53b4-e888-ba4cc55dacbe" testName="Listenarr.Api.Tests.TitleMatchingServiceTests.AreTitlesSimilar_BasicCases(a: &quot;Completely Different Title&quot;, b: &quot;Another Title&quot;, expected: False)" computerName="DESKTOP-GN1K3QQ" duration="00:00:00.0052603" startTime="2025-12-11T16:45:02.8007106-05:00" endTime="2025-12-11T16:45:02.8007110-05:00" testType="13cdc9d9-ddb5-4fa4-a97d-d965ccfc6d4b" outcome="Passed" testListId="8c84fa94-04c1-424b-9868-57a2d4851a1d" relativeResultsDirectory="69712dd6-86d1-41a5-a6c6-ad763f53145d" />
    <UnitTestResult executionId="8437c593-42d0-4994-b13e-0a43f3a7538c" testId="eb1fe973-0a27-2d0a-584f-f4870f2ba31d" testName="Listenarr.Api.Tests.NotificationServiceTests.CreateDiscordPayload_ConvertsRelativeImageUrlToAbsolute_WhenBaseUrlProvided" computerName="DESKTOP-GN1K3QQ" duration="00:00:00.0026167" startTime="2025-12-11T16:45:03.9929642-05:00" endTime="2025-12-11T16:45:03.9929649-05:00" testType="13cdc9d9-ddb5-4fa4-a97d-d965ccfc6d4b" outcome="Passed" testListId="8c84fa94-04c1-424b-9868-57a2d4851a1d" relativeResultsDirectory="8437c593-42d0-4994-b13e-0a43f3a7538c" />
    <UnitTestResult executionId="a00b576a-cb8a-4c7a-bef5-9711a3f2dc17" testId="d91b3b23-8ff9-3846-04b2-d22e62346dd6" testName="Listenarr.Api.Tests.DownloadService_ImportTests.GetQueue_DoesNotPurge_WhenSabnzbdHistoryContainsMatch" computerName="DESKTOP-GN1K3QQ" duration="00:00:01.0433771" startTime="2025-12-11T16:45:03.9931782-05:00" endTime="2025-12-11T16:45:03.9931783-05:00" testType="13cdc9d9-ddb5-4fa4-a97d-d965ccfc6d4b" outcome="Passed" testListId="8c84fa94-04c1-424b-9868-57a2d4851a1d" relativeResultsDirectory="a00b576a-cb8a-4c7a-bef5-9711a3f2dc17" />
    <UnitTestResult executionId="93a83cc1-737d-4071-bc6d-7e618a8b855d" testId="f29a3f81-95b3-4e73-5e37-6a6f61cb5543" testName="Listenarr.Api.Tests.AuthenticationMiddlewareTests.AllowAnonymousEndpoint_IsAccessible_WhenAuthRequired" computerName="DESKTOP-GN1K3QQ" duration="00:00:01.9770976" startTime="2025-12-11T16:45:04.7366621-05:00" endTime="2025-12-11T16:45:04.7366623-05:00" testType="13cdc9d9-ddb5-4fa4-a97d-d965ccfc6d4b" outcome="Passed" testListId="8c84fa94-04c1-424b-9868-57a2d4851a1d" relativeResultsDirectory="93a83cc1-737d-4071-bc6d-7e618a8b855d" />
    <UnitTestResult executionId="2c60f2b0-3c73-403b-ad08-ccd4ed9d4f29" testId="3227f5c8-f480-1e59-31da-b3b6c9c29f8d" testName="Listenarr.Api.Tests.ParseLanguageTests.ParseLanguageFromText_RecognizesCodes(input: &quot;Some Title (EN)&quot;, expected: &quot;English&quot;)" computerName="DESKTOP-GN1K3QQ" duration="00:00:00.0000256" startTime="2025-12-11T16:45:03.9512210-05:00" endTime="2025-12-11T16:45:03.9512211-05:00" testType="13cdc9d9-ddb5-4fa4-a97d-d965ccfc6d4b" outcome="Passed" testListId="8c84fa94-04c1-424b-9868-57a2d4851a1d" relativeResultsDirectory="2c60f2b0-3c73-403b-ad08-ccd4ed9d4f29" />
    <UnitTestResult executionId="173104ee-2344-4c7d-b862-ac32a8812a59" testId="ba9b5f1f-2bd1-5ba8-5c2c-523d4faa8db5" testName="Listenarr.Api.Tests.IndexersNewznabAuthTests.TestPersisted_Newznab_InvalidApiKey_PersistsFailureToDatabase" computerName="DESKTOP-GN1K3QQ" duration="00:00:00.8668156" startTime="2025-12-11T16:45:03.7932563-05:00" endTime="2025-12-11T16:45:03.7932564-05:00" testType="13cdc9d9-ddb5-4fa4-a97d-d965ccfc6d4b" outcome="Passed" testListId="8c84fa94-04c1-424b-9868-57a2d4851a1d" relativeResultsDirectory="173104ee-2344-4c7d-b862-ac32a8812a59" />
    <UnitTestResult executionId="924360ee-3181-4efa-ab1a-abb847608108" testId="db7286d7-5f22-971a-052f-4ab70cec52ea" testName="Listenarr.Api.Tests.NotificationServiceTests.GetBaseUrlFromHttpContext_ReturnsExpectedBase" computerName="DESKTOP-GN1K3QQ" duration="00:00:00.0003668" startTime="2025-12-11T16:45:04.0312419-05:00" endTime="2025-12-11T16:45:04.0312420-05:00" testType="13cdc9d9-ddb5-4fa4-a97d-d965ccfc6d4b" outcome="Passed" testListId="8c84fa94-04c1-424b-9868-57a2d4851a1d" relativeResultsDirectory="924360ee-3181-4efa-ab1a-abb847608108" />
    <UnitTestResult executionId="bc53e1e9-1f56-4bd0-bf59-1df0d4262aab" testId="7fa842dc-ec16-d426-851c-5b3a3b63f1f0" testName="Listenarr.Api.Tests.LoginRateLimiterTests.RecordsFailuresAndBlocks" computerName="DESKTOP-GN1K3QQ" duration="00:00:00.0018369" startTime="2025-12-11T16:45:02.9972861-05:00" endTime="2025-12-11T16:45:02.9972865-05:00" testType="13cdc9d9-ddb5-4fa4-a97d-d965ccfc6d4b" outcome="Passed" testListId="8c84fa94-04c1-424b-9868-57a2d4851a1d" relativeResultsDirectory="bc53e1e9-1f56-4bd0-bf59-1df0d4262aab" />
    <UnitTestResult executionId="e0fbcca2-d739-4b03-bc5c-711ef6e186ee" testId="8e9889af-d183-da1f-fd3a-f45d3ff57127" testName="Listenarr.Api.Tests.FileUtilsTests.GetUniqueDestinationPath_WriteDeniedByAcl_OnWindows" computerName="DESKTOP-GN1K3QQ" duration="00:00:00.0176546" startTime="2025-12-11T16:45:02.8226339-05:00" endTime="2025-12-11T16:45:02.8226343-05:00" testType="13cdc9d9-ddb5-4fa4-a97d-d965ccfc6d4b" outcome="Passed" testListId="8c84fa94-04c1-424b-9868-57a2d4851a1d" relativeResultsDirectory="e0fbcca2-d739-4b03-bc5c-711ef6e186ee" />
    <UnitTestResult executionId="bc31301e-7311-4ecd-a8c6-3362fc0f90cc" testId="d708657d-8f73-131f-5ae3-5bcb1e1925e6" testName="Listenarr.Api.Tests.ManualImport_MultiFileCollisionTests.InteractiveManualImport_MultipleFiles_ResolvesCollisionsWithinBatch" computerName="DESKTOP-GN1K3QQ" duration="00:00:00.1750805" startTime="2025-12-11T16:45:04.1338102-05:00" endTime="2025-12-11T16:45:04.1338104-05:00" testType="13cdc9d9-ddb5-4fa4-a97d-d965ccfc6d4b" outcome="Passed" testListId="8c84fa94-04c1-424b-9868-57a2d4851a1d" relativeResultsDirectory="bc31301e-7311-4ecd-a8c6-3362fc0f90cc" />
    <UnitTestResult executionId="7aa06104-8ea2-42c4-ade7-4242a867ca3b" testId="d5e9fbae-f8e4-8181-8457-8c811ae89ff8" testName="Listenarr.Api.Tests.NotificationPayloadBuilderAdapterTests.CreateDiscordPayloadWithAttachmentAsync_DownloadsImageAndReturnsAttachment" computerName="DESKTOP-GN1K3QQ" duration="00:00:00.0701186" startTime="2025-12-11T16:45:02.9070643-05:00" endTime="2025-12-11T16:45:02.9070646-05:00" testType="13cdc9d9-ddb5-4fa4-a97d-d965ccfc6d4b" outcome="Passed" testListId="8c84fa94-04c1-424b-9868-57a2d4851a1d" relativeResultsDirectory="7aa06104-8ea2-42c4-ade7-4242a867ca3b" />
    <UnitTestResult executionId="77b5e71c-4915-4073-9c56-0fefecf2abad" testId="6ed58bec-1b4a-cf37-7768-1ecc27361340" testName="Listenarr.Api.Tests.IntelligentSearchIntegrationTests.IntelligentSearch_TitlePrefix_MatchesOnlyTitleNotAuthor" computerName="DESKTOP-GN1K3QQ" duration="00:00:17.5826444" startTime="2025-12-11T16:45:22.3541616-05:00" endTime="2025-12-11T16:45:22.3541617-05:00" testType="13cdc9d9-ddb5-4fa4-a97d-d965ccfc6d4b" outcome="Passed" testListId="8c84fa94-04c1-424b-9868-57a2d4851a1d" relativeResultsDirectory="77b5e71c-4915-4073-9c56-0fefecf2abad" />
    <UnitTestResult executionId="99360cc4-a165-46e4-a66b-36aaba55972c" testId="5c56ddf3-99a0-6d3e-ac1e-b50fb08dc1df" testName="Listenarr.Api.Tests.FileMoverFallbackTests.MoveDirectoryAsync_WhenDestinationExists_UsesCopyAndDeleteFallback" computerName="DESKTOP-GN1K3QQ" duration="00:00:08.3120569" startTime="2025-12-11T16:45:11.2196354-05:00" endTime="2025-12-11T16:45:11.2196357-05:00" testType="13cdc9d9-ddb5-4fa4-a97d-d965ccfc6d4b" outcome="Passed" testListId="8c84fa94-04c1-424b-9868-57a2d4851a1d" relativeResultsDirectory="99360cc4-a165-46e4-a66b-36aaba55972c" />
    <UnitTestResult executionId="6bd7d7b4-afbe-4eb5-a258-037aafb13c8c" testId="6dd55a3e-3202-d46d-cd1f-b81d74d5e932" testName="Listenarr.Api.Tests.NotificationServiceTests.CreateDiscordPayload_IncludesTitleAuthorAndThumbnail_WhenAsinAndBaseProvided" computerName="DESKTOP-GN1K3QQ" duration="00:00:00.0026814" startTime="2025-12-11T16:45:04.1060297-05:00" endTime="2025-12-11T16:45:04.1060298-05:00" testType="13cdc9d9-ddb5-4fa4-a97d-d965ccfc6d4b" outcome="Passed" testListId="8c84fa94-04c1-424b-9868-57a2d4851a1d" relativeResultsDirectory="6bd7d7b4-afbe-4eb5-a258-037aafb13c8c" />
    <UnitTestResult executionId="c509cc12-ce39-4a3f-922f-549ef7833bc0" testId="289854fb-30e9-b7b2-9d0f-c41d329e282a" testName="Listenarr.Api.Tests.DownloadMonitorFinalizationTests.PollSABnzbd_DoesNotThrow_WhenClientDownloadPathEmpty" computerName="DESKTOP-GN1K3QQ" duration="00:00:00.0364364" startTime="2025-12-11T16:45:04.1571670-05:00" endTime="2025-12-11T16:45:04.1571674-05:00" testType="13cdc9d9-ddb5-4fa4-a97d-d965ccfc6d4b" outcome="Passed" testListId="8c84fa94-04c1-424b-9868-57a2d4851a1d" relativeResultsDirectory="c509cc12-ce39-4a3f-922f-549ef7833bc0" />
    <UnitTestResult executionId="40afe267-8035-4ae6-906a-1c0df2936a1b" testId="13d08fe5-607f-2e95-09a0-bfe36dc624d4" testName="Listenarr.Api.Tests.IndexersAuthTests.TestDraft_Newznab_ValidApiKey_ReturnsOkAndMarksSuccess" computerName="DESKTOP-GN1K3QQ" duration="00:00:00.0019412" startTime="2025-12-11T16:45:02.9312562-05:00" endTime="2025-12-11T16:45:02.9312563-05:00" testType="13cdc9d9-ddb5-4fa4-a97d-d965ccfc6d4b" outcome="Passed" testListId="8c84fa94-04c1-424b-9868-57a2d4851a1d" relativeResultsDirectory="40afe267-8035-4ae6-906a-1c0df2936a1b" />
    <UnitTestResult executionId="ae3ea869-ef28-4563-b2ef-9d7c414a1fd7" testId="7f2f71bf-ef9e-8562-540b-9eab29024ff3" testName="Listenarr.Api.Tests.LibraryDto_WantedFlagTests.GetAll_IncludesWantedFlag_ForMonitoredWithoutFiles" computerName="DESKTOP-GN1K3QQ" duration="00:00:00.0562619" startTime="2025-12-11T16:45:04.0901155-05:00" endTime="2025-12-11T16:45:04.0901156-05:00" testType="13cdc9d9-ddb5-4fa4-a97d-d965ccfc6d4b" outcome="Passed" testListId="8c84fa94-04c1-424b-9868-57a2d4851a1d" relativeResultsDirectory="ae3ea869-ef28-4563-b2ef-9d7c414a1fd7" />
    <UnitTestResult executionId="07f8edf9-4643-48bf-beac-70345d04b852" testId="28e0b528-da02-8226-e980-3bb1b6a33d55" testName="Listenarr.Api.Tests.ParseLanguageTests.ParseLanguageFromText_RecognizesCodes(input: &quot;[FRE] Bar&quot;, expected: &quot;French&quot;)" computerName="DESKTOP-GN1K3QQ" duration="00:00:00.0001103" startTime="2025-12-11T16:45:03.9559529-05:00" endTime="2025-12-11T16:45:03.9559530-05:00" testType="13cdc9d9-ddb5-4fa4-a97d-d965ccfc6d4b" outcome="Passed" testListId="8c84fa94-04c1-424b-9868-57a2d4851a1d" relativeResultsDirectory="07f8edf9-4643-48bf-beac-70345d04b852" />
    <UnitTestResult executionId="1cefc048-98f7-4783-8519-874320da71ee" testId="30bf02fb-59f6-d121-20dd-47b96fb0d553" testName="Listenarr.Api.Tests.Services.LogRedactionTests.GetSensitiveValuesFromEnvironment_ReturnsSetVariables" computerName="DESKTOP-GN1K3QQ" duration="00:00:00.0038257" startTime="2025-12-11T16:45:02.9339260-05:00" endTime="2025-12-11T16:45:02.9339262-05:00" testType="13cdc9d9-ddb5-4fa4-a97d-d965ccfc6d4b" outcome="Passed" testListId="8c84fa94-04c1-424b-9868-57a2d4851a1d" relativeResultsDirectory="1cefc048-98f7-4783-8519-874320da71ee" />
    <UnitTestResult executionId="3b083f14-3623-49d6-be13-e4b9eed335ad" testId="1b3032db-cd0a-26d2-0ff8-50884aba86b1" testName="Listenarr.Api.Tests.DownloadProcessingQueueServiceTests.QueueRespectsRecentlyCompletedCooldown_ReturnsCompletedJob" computerName="DESKTOP-GN1K3QQ" duration="00:00:00.0071233" startTime="2025-12-11T16:45:04.1469753-05:00" endTime="2025-12-11T16:45:04.1469754-05:00" testType="13cdc9d9-ddb5-4fa4-a97d-d965ccfc6d4b" outcome="Passed" testListId="8c84fa94-04c1-424b-9868-57a2d4851a1d" relativeResultsDirectory="3b083f14-3623-49d6-be13-e4b9eed335ad" />
    <UnitTestResult executionId="fb586009-7047-4da3-96d7-b4106a3c451d" testId="5a96a036-6319-5f4c-6787-dbcc835b0d2e" testName="Listenarr.Api.Tests.IndexersNewznabAuthTests.TestDraft_Newznab_WhitespaceApiKey_ReturnsBadRequest" computerName="DESKTOP-GN1K3QQ" duration="00:00:00.0009472" startTime="2025-12-11T16:45:03.7957101-05:00" endTime="2025-12-11T16:45:03.7957105-05:00" testType="13cdc9d9-ddb5-4fa4-a97d-d965ccfc6d4b" outcome="Passed" testListId="8c84fa94-04c1-424b-9868-57a2d4851a1d" relativeResultsDirectory="fb586009-7047-4da3-96d7-b4106a3c451d" />
    <UnitTestResult executionId="4f70283d-e406-4a42-9dc8-6f9484afbeb9" testId="eda74861-2dd4-e9d3-1890-77787d64d294" testName="Listenarr.Api.Tests.DownloadNaming_PatternCollapseTests.ApplyNamingPattern_CollapsesAdjacentDuplicateComponents" computerName="DESKTOP-GN1K3QQ" duration="00:00:00.1115459" startTime="2025-12-11T16:45:02.8708518-05:00" endTime="2025-12-11T16:45:02.8708521-05:00" testType="13cdc9d9-ddb5-4fa4-a97d-d965ccfc6d4b" outcome="Passed" testListId="8c84fa94-04c1-424b-9868-57a2d4851a1d" relativeResultsDirectory="4f70283d-e406-4a42-9dc8-6f9484afbeb9" />
    <UnitTestResult executionId="06c57c9f-64df-460c-ab9b-ea7b7cdf9b19" testId="5bfca42b-d429-d702-1b86-5794abac52fb" testName="Listenarr.Api.Tests.QualityProfileScoringTests.NZB_MissingQuality_ShouldNotBePenalized" computerName="DESKTOP-GN1K3QQ" duration="00:00:00.0009776" startTime="2025-12-11T16:45:03.9112970-05:00" endTime="2025-12-11T16:45:03.9112973-05:00" testType="13cdc9d9-ddb5-4fa4-a97d-d965ccfc6d4b" outcome="Passed" testListId="8c84fa94-04c1-424b-9868-57a2d4851a1d" relativeResultsDirectory="06c57c9f-64df-460c-ab9b-ea7b7cdf9b19" />
    <UnitTestResult executionId="18ea8301-2120-463c-9405-ff28405c9354" testId="1e337f9d-a032-b869-1360-944d8f0a2790" testName="Listenarr.Api.Tests.IndexersNewznabAuthTests.TestDraft_Newznab_HttpUnauthorized_DetectsAuthFailure" computerName="DESKTOP-GN1K3QQ" duration="00:00:00.0012666" startTime="2025-12-11T16:45:03.8124662-05:00" endTime="2025-12-11T16:45:03.8124666-05:00" testType="13cdc9d9-ddb5-4fa4-a97d-d965ccfc6d4b" outcome="Passed" testListId="8c84fa94-04c1-424b-9868-57a2d4851a1d" relativeResultsDirectory="18ea8301-2120-463c-9405-ff28405c9354" />
    <UnitTestResult executionId="7c01d567-4fc1-4d86-9a5b-091af1c5a9cd" testId="60515756-c186-06eb-045b-31de4aecc35b" testName="Listenarr.Api.Tests.NotificationServiceTests.SendNotificationAsync_PostsCorrectJsonToDiscordWebhook" computerName="DESKTOP-GN1K3QQ" duration="00:00:00.0261181" startTime="2025-12-11T16:45:04.0192266-05:00" endTime="2025-12-11T16:45:04.0192268-05:00" testType="13cdc9d9-ddb5-4fa4-a97d-d965ccfc6d4b" outcome="Passed" testListId="8c84fa94-04c1-424b-9868-57a2d4851a1d" relativeResultsDirectory="7c01d567-4fc1-4d86-9a5b-091af1c5a9cd" />
    <UnitTestResult executionId="e7cadbc8-3087-4d79-a196-f92cb303b2af" testId="b37187d3-0a82-db5c-ab8a-52ef3ec1a78d" testName="Listenarr.Api.Tests.SearchControllerTests.IndexersSearch_ReturnsIndexerResults" computerName="DESKTOP-GN1K3QQ" duration="00:00:00.0063220" startTime="2025-12-11T16:45:02.9760838-05:00" endTime="2025-12-11T16:45:02.9760842-05:00" testType="13cdc9d9-ddb5-4fa4-a97d-d965ccfc6d4b" outcome="Passed" testListId="8c84fa94-04c1-424b-9868-57a2d4851a1d" relativeResultsDirectory="e7cadbc8-3087-4d79-a196-f92cb303b2af" />
    <UnitTestResult executionId="ce142836-1d6d-44e1-b5fa-922cab2adc47" testId="986b5b58-0709-2eda-d8a6-b3deb5278594" testName="Listenarr.Api.Tests.DownloadProcessing_FileMissingRetryTests.ProcessMoveOrCopy_IfSourceMissing_SchedulesRetryAndRecordsMetric" computerName="DESKTOP-GN1K3QQ" duration="00:00:01.1865410" startTime="2025-12-11T16:45:04.1314652-05:00" endTime="2025-12-11T16:45:04.1314661-05:00" testType="13cdc9d9-ddb5-4fa4-a97d-d965ccfc6d4b" outcome="Passed" testListId="8c84fa94-04c1-424b-9868-57a2d4851a1d" relativeResultsDirectory="ce142836-1d6d-44e1-b5fa-922cab2adc47" />
    <UnitTestResult executionId="93b73065-ec91-4f46-82bb-13a9fe2ba5ca" testId="fe6c124b-82b8-c745-96f1-70c121117f16" testName="Listenarr.Api.Tests.ParseLanguageTests.ParseLanguageFromText_RecognizesCodes(input: &quot;[ENG / M4B] Some Title&quot;, expected: &quot;English&quot;)" computerName="DESKTOP-GN1K3QQ" duration="00:00:00.0190264" startTime="2025-12-11T16:45:03.9502526-05:00" endTime="2025-12-11T16:45:03.9502531-05:00" testType="13cdc9d9-ddb5-4fa4-a97d-d965ccfc6d4b" outcome="Passed" testListId="8c84fa94-04c1-424b-9868-57a2d4851a1d" relativeResultsDirectory="93b73065-ec91-4f46-82bb-13a9fe2ba5ca" />
    <UnitTestResult executionId="33dcd716-b442-4b36-a507-bfe466057ea7" testId="7b957f45-af7d-418e-f67e-c452bef706cc" testName="Listenarr.Api.Tests.DownloadMonitorFinalizationTests.PollSABnzbd_SchedulesRetry_AndFinalizes_WhenFileArrives" computerName="DESKTOP-GN1K3QQ" duration="00:00:01.0236788" startTime="2025-12-11T16:45:05.2336358-05:00" endTime="2025-12-11T16:45:05.2336362-05:00" testType="13cdc9d9-ddb5-4fa4-a97d-d965ccfc6d4b" outcome="Passed" testListId="8c84fa94-04c1-424b-9868-57a2d4851a1d" relativeResultsDirectory="33dcd716-b442-4b36-a507-bfe466057ea7" />
    <UnitTestResult executionId="44636dc3-3ff4-48b0-819c-df6048d163f6" testId="41a975ad-9683-c5b4-cff4-4bb9daae130b" testName="Listenarr.Api.Tests.LibraryController_AddToLibraryTests.AddToLibrary_UsesLegacyAuthorField_PopulatesAuthorsAndBasePath" computerName="DESKTOP-GN1K3QQ" duration="00:00:01.1966831" startTime="2025-12-11T16:45:03.9561573-05:00" endTime="2025-12-11T16:45:03.9561574-05:00" testType="13cdc9d9-ddb5-4fa4-a97d-d965ccfc6d4b" outcome="Passed" testListId="8c84fa94-04c1-424b-9868-57a2d4851a1d" relativeResultsDirectory="44636dc3-3ff4-48b0-819c-df6048d163f6" />
    <UnitTestResult executionId="6b4b5b43-cf62-4289-9305-1e8ac6528332" testId="b74b9142-bf15-f646-9aaa-ce5bcbd501b2" testName="Listenarr.Api.Tests.SecurityRedactionTests.DiscordController_LogsAreRedacted_WhenTokenValidationFails" computerName="DESKTOP-GN1K3QQ" duration="00:00:00.0387484" startTime="2025-12-11T16:45:04.0228018-05:00" endTime="2025-12-11T16:45:04.0228022-05:00" testType="13cdc9d9-ddb5-4fa4-a97d-d965ccfc6d4b" outcome="Passed" testListId="8c84fa94-04c1-424b-9868-57a2d4851a1d" relativeResultsDirectory="6b4b5b43-cf62-4289-9305-1e8ac6528332" />
    <UnitTestResult executionId="51e3835e-2b97-46aa-9fa1-56f4c882d145" testId="184d69cc-d875-f860-4354-fbb4273d0926" testName="Listenarr.Api.Tests.ParseLanguageTests.ParseLanguageFromText_RecognizesCodes(input: &quot;Title (DE)&quot;, expected: &quot;German&quot;)" computerName="DESKTOP-GN1K3QQ" duration="00:00:00.0000284" startTime="2025-12-11T16:45:03.9562387-05:00" endTime="2025-12-11T16:45:03.9562388-05:00" testType="13cdc9d9-ddb5-4fa4-a97d-d965ccfc6d4b" outcome="Passed" testListId="8c84fa94-04c1-424b-9868-57a2d4851a1d" relativeResultsDirectory="51e3835e-2b97-46aa-9fa1-56f4c882d145" />
    <UnitTestResult executionId="e178b6d0-e86b-4d3d-8612-07fcf0827d64" testId="36e766b6-7d98-9251-6e3c-57b618c61c1c" testName="Listenarr.Api.Tests.ParseLanguageTests.ParseLanguageFromText_RecognizesCodes(input: &quot;Book Title FR&quot;, expected: &quot;French&quot;)" computerName="DESKTOP-GN1K3QQ" duration="00:00:00.0000262" startTime="2025-12-11T16:45:03.9570925-05:00" endTime="2025-12-11T16:45:03.9570926-05:00" testType="13cdc9d9-ddb5-4fa4-a97d-d965ccfc6d4b" outcome="Passed" testListId="8c84fa94-04c1-424b-9868-57a2d4851a1d" relativeResultsDirectory="e178b6d0-e86b-4d3d-8612-07fcf0827d64" />
    <UnitTestResult executionId="ceb039e6-46d6-44af-9bc6-80f836403810" testId="e33f550c-295a-2c30-8c9d-2af59bed30ff" testName="Listenarr.Api.Tests.AudioFileService_UpdateAudiobookFieldsTests.EnsureAudiobookFileAsync_PopulatesAudiobookFilePathAndSize" computerName="DESKTOP-GN1K3QQ" duration="00:00:00.2767968" startTime="2025-12-11T16:45:04.0898000-05:00" endTime="2025-12-11T16:45:04.0898003-05:00" testType="13cdc9d9-ddb5-4fa4-a97d-d965ccfc6d4b" outcome="Passed" testListId="8c84fa94-04c1-424b-9868-57a2d4851a1d" relativeResultsDirectory="ceb039e6-46d6-44af-9bc6-80f836403810" />
    <UnitTestResult executionId="ce8f6a1a-15aa-40e4-a506-1a4d07933938" testId="8e799e08-7259-47cf-6dbf-4b6f7da95bc3" testName="Listenarr.Api.Tests.NotificationServiceTests.CreateDiscordPayload_TruncatesLongFields_ToDiscordLimits" computerName="DESKTOP-GN1K3QQ" duration="00:00:00.0016725" startTime="2025-12-11T16:45:04.0279292-05:00" endTime="2025-12-11T16:45:04.0279293-05:00" testType="13cdc9d9-ddb5-4fa4-a97d-d965ccfc6d4b" outcome="Passed" testListId="8c84fa94-04c1-424b-9868-57a2d4851a1d" relativeResultsDirectory="ce8f6a1a-15aa-40e4-a506-1a4d07933938" />
    <UnitTestResult executionId="8871c44d-07fd-4fd6-ba61-793d04fb0d98" testId="281f9240-ccbe-e546-c8da-eaea1ceed481" testName="Listenarr.Api.Tests.NotificationServiceTests.CreateDiscordPayload_UsesDerivedBaseForThumbnail_WhenProvided" computerName="DESKTOP-GN1K3QQ" duration="00:00:00.0068498" startTime="2025-12-11T16:45:04.0261703-05:00" endTime="2025-12-11T16:45:04.0261705-05:00" testType="13cdc9d9-ddb5-4fa4-a97d-d965ccfc6d4b" outcome="Passed" testListId="8c84fa94-04c1-424b-9868-57a2d4851a1d" relativeResultsDirectory="8871c44d-07fd-4fd6-ba61-793d04fb0d98" />
    <UnitTestResult executionId="2141c34f-0acb-4741-a831-91eb8f149707" testId="868b40af-22e2-7b66-91dc-8edfc2a10caf" testName="Listenarr.Api.Tests.TitleMatchingServiceTests.AreTitlesSimilar_BasicCases(a: &quot;The Great Book&quot;, b: &quot;The Great Book&quot;, expected: True)" computerName="DESKTOP-GN1K3QQ" duration="00:00:00.0000300" startTime="2025-12-11T16:45:02.8146636-05:00" endTime="2025-12-11T16:45:02.8146637-05:00" testType="13cdc9d9-ddb5-4fa4-a97d-d965ccfc6d4b" outcome="Passed" testListId="8c84fa94-04c1-424b-9868-57a2d4851a1d" relativeResultsDirectory="2141c34f-0acb-4741-a831-91eb8f149707" />
    <UnitTestResult executionId="696e5853-8fc4-4502-8d7b-787c3e981e24" testId="bbbf83a6-0e56-70e0-813a-cd7b316e36db" testName="Listenarr.Api.Tests.TitleMatchingServiceTests.NormalizeTitle_RemovesNoise(input: &quot;The Great Book [Edition] (2020) - 320kbps&quot;, expectedStart: &quot;The Great Book&quot;)" computerName="DESKTOP-GN1K3QQ" duration="00:00:00.0001778" startTime="2025-12-11T16:45:02.8149869-05:00" endTime="2025-12-11T16:45:02.8149869-05:00" testType="13cdc9d9-ddb5-4fa4-a97d-d965ccfc6d4b" outcome="Passed" testListId="8c84fa94-04c1-424b-9868-57a2d4851a1d" relativeResultsDirectory="696e5853-8fc4-4502-8d7b-787c3e981e24" />
    <UnitTestResult executionId="322913e6-73e0-432a-a96a-52dccad692f7" testId="d036153c-2d43-c7ba-52c7-f7a28e09781b" testName="Listenarr.Api.Tests.FileUtilsTests.GetUniqueDestinationPath_LongName_AppendsSuffix" computerName="DESKTOP-GN1K3QQ" duration="00:00:00.0140555" startTime="2025-12-11T16:45:02.7978884-05:00" endTime="2025-12-11T16:45:02.7978885-05:00" testType="13cdc9d9-ddb5-4fa4-a97d-d965ccfc6d4b" outcome="Passed" testListId="8c84fa94-04c1-424b-9868-57a2d4851a1d" relativeResultsDirectory="322913e6-73e0-432a-a96a-52dccad692f7" />
    <UnitTestResult executionId="e49874fe-624a-4e31-94b0-eace41845ae6" testId="0b2c6fb9-ddd1-161e-5339-9f9d004c17a5" testName="Listenarr.Api.Tests.FileUtilsTests.GetUniqueDestinationPath_UsesCustomExistsPredicate" computerName="DESKTOP-GN1K3QQ" duration="00:00:00.0006181" startTime="2025-12-11T16:45:02.8235300-05:00" endTime="2025-12-11T16:45:02.8235302-05:00" testType="13cdc9d9-ddb5-4fa4-a97d-d965ccfc6d4b" outcome="Passed" testListId="8c84fa94-04c1-424b-9868-57a2d4851a1d" relativeResultsDirectory="e49874fe-624a-4e31-94b0-eace41845ae6" />
    <UnitTestResult executionId="fc0cfb58-be02-423f-bdbb-6708358aadf1" testId="673628a5-2a5f-0d2f-615f-e6055e05c9ed" testName="Listenarr.Api.Tests.DownloadMonitorFinalizationTests.FinalizeDownload_EnqueuesDirectory_ForMultiFileDownload" computerName="DESKTOP-GN1K3QQ" duration="00:00:00.0332809" startTime="2025-12-11T16:45:04.1906115-05:00" endTime="2025-12-11T16:45:04.1906119-05:00" testType="13cdc9d9-ddb5-4fa4-a97d-d965ccfc6d4b" outcome="Passed" testListId="8c84fa94-04c1-424b-9868-57a2d4851a1d" relativeResultsDirectory="fc0cfb58-be02-423f-bdbb-6708358aadf1" />
    <UnitTestResult executionId="7ea58630-24eb-47e6-aa5f-03c426e470bf" testId="a8d11502-52f3-5e30-2675-f28dfab132c1" testName="Listenarr.Api.Tests.DownloadMonitorFinalizationTests.FinalizeDownload_SkipsError_WhenBackgroundJobActive" computerName="DESKTOP-GN1K3QQ" duration="00:00:00.0079615" startTime="2025-12-11T16:45:04.2097814-05:00" endTime="2025-12-11T16:45:04.2097816-05:00" testType="13cdc9d9-ddb5-4fa4-a97d-d965ccfc6d4b" outcome="Passed" testListId="8c84fa94-04c1-424b-9868-57a2d4851a1d" relativeResultsDirectory="7ea58630-24eb-47e6-aa5f-03c426e470bf" />
    <UnitTestResult executionId="10a45a9d-3d88-4e55-810a-d9b1d4259f56" testId="7933bdfc-9ede-9ee9-413e-50d5b3d6365c" testName="Listenarr.Api.Tests.CompletedDownloadProcessorTests.ProcessCompletedDownloadAsync_SingleFile_UpdatesFinalPathAndStatus" computerName="DESKTOP-GN1K3QQ" duration="00:00:00.0070723" startTime="2025-12-11T16:45:02.9290342-05:00" endTime="2025-12-11T16:45:02.9290347-05:00" testType="13cdc9d9-ddb5-4fa4-a97d-d965ccfc6d4b" outcome="Passed" testListId="8c84fa94-04c1-424b-9868-57a2d4851a1d" relativeResultsDirectory="10a45a9d-3d88-4e55-810a-d9b1d4259f56" />
    <UnitTestResult executionId="03a419ab-e2af-49ff-85c2-842d74c9f5c2" testId="9eb39bd4-c31c-4e85-2edf-ed955e23b01e" testName="Listenarr.Api.Tests.QualityProfileScoringTests.NZB_OldPublishedDate_ShouldNotBeRejected" computerName="DESKTOP-GN1K3QQ" duration="00:00:00.0016664" startTime="2025-12-11T16:45:03.9076176-05:00" endTime="2025-12-11T16:45:03.9076179-05:00" testType="13cdc9d9-ddb5-4fa4-a97d-d965ccfc6d4b" outcome="Passed" testListId="8c84fa94-04c1-424b-9868-57a2d4851a1d" relativeResultsDirectory="03a419ab-e2af-49ff-85c2-842d74c9f5c2" />
    <UnitTestResult executionId="43f85472-5946-4115-b292-28a258f88e07" testId="485ca6e5-988c-abe6-925a-3c2342235ae8" testName="Listenarr.Api.Tests.QualityScoringTests.ScoreSearchResult_AppliesPenaltiesAndQualityScore" computerName="DESKTOP-GN1K3QQ" duration="00:00:00.3355505" startTime="2025-12-11T16:45:04.1130776-05:00" endTime="2025-12-11T16:45:04.1130777-05:00" testType="13cdc9d9-ddb5-4fa4-a97d-d965ccfc6d4b" outcome="Passed" testListId="8c84fa94-04c1-424b-9868-57a2d4851a1d" relativeResultsDirectory="43f85472-5946-4115-b292-28a258f88e07" />
    <UnitTestResult executionId="cb7b9577-7894-4db5-b24b-392cee40c1c3" testId="21d038d6-2672-4bea-d08a-bd0314848ade" testName="Listenarr.Api.Tests.DownloadMonitorFinalizationTests.PollSABnzbd_Queue_StringFields_UpdateProgress" computerName="DESKTOP-GN1K3QQ" duration="00:00:01.3551898" startTime="2025-12-11T16:45:04.1184222-05:00" endTime="2025-12-11T16:45:04.1184225-05:00" testType="13cdc9d9-ddb5-4fa4-a97d-d965ccfc6d4b" outcome="Passed" testListId="8c84fa94-04c1-424b-9868-57a2d4851a1d" relativeResultsDirectory="cb7b9577-7894-4db5-b24b-392cee40c1c3" />
    <UnitTestResult executionId="0463223d-d3de-4064-bb1b-3fe538ece497" testId="37a16cd6-f055-429f-aaba-1ecb16e44124" testName="Listenarr.Api.Tests.Services.SystemProcessRunnerTests.RunAsync_DoesNotRedact_WhenNotRegistered" computerName="DESKTOP-GN1K3QQ" duration="00:00:00.3047993" startTime="2025-12-11T16:45:04.1281928-05:00" endTime="2025-12-11T16:45:04.1281933-05:00" testType="13cdc9d9-ddb5-4fa4-a97d-d965ccfc6d4b" outcome="Passed" testListId="8c84fa94-04c1-424b-9868-57a2d4851a1d" relativeResultsDirectory="0463223d-d3de-4064-bb1b-3fe538ece497" />
    <UnitTestResult executionId="5c6965fb-491e-48d9-a31d-f31628550b0d" testId="cfb57f8a-6f85-0d62-b22c-bf40fce6ef84" testName="Listenarr.Api.Tests.FileUtilsTests.GetUniqueDestinationPath_ReadOnlyDirectory_AppendsSuffix" computerName="DESKTOP-GN1K3QQ" duration="00:00:00.0048447" startTime="2025-12-11T16:45:02.8151936-05:00" endTime="2025-12-11T16:45:02.8151937-05:00" testType="13cdc9d9-ddb5-4fa4-a97d-d965ccfc6d4b" outcome="Passed" testListId="8c84fa94-04c1-424b-9868-57a2d4851a1d" relativeResultsDirectory="5c6965fb-491e-48d9-a31d-f31628550b0d" />
    <UnitTestResult executionId="4b2ec700-61b2-4dd1-90b1-182bc8350957" testId="04c5e3af-d1a9-c764-7012-91154d04460a" testName="Listenarr.Api.Tests.DownloadProcessing_NoDoubleMoveTests.CompletedDownload_LinkedToAudiobook_DoesNotMoveToUnknownAuthor" computerName="DESKTOP-GN1K3QQ" duration="00:00:01.1894607" startTime="2025-12-11T16:45:04.1870731-05:00" endTime="2025-12-11T16:45:04.1870734-05:00" testType="13cdc9d9-ddb5-4fa4-a97d-d965ccfc6d4b" outcome="Passed" testListId="8c84fa94-04c1-424b-9868-57a2d4851a1d" relativeResultsDirectory="4b2ec700-61b2-4dd1-90b1-182bc8350957" />
    <UnitTestResult executionId="bd62962e-da95-4fa9-a5eb-03e2ab65f10a" testId="1da6e94b-a168-95bd-97fc-89d14d7a9471" testName="Listenarr.Api.Tests.IndexersNewznabAuthTests.TestDraft_Newznab_NullApiKey_ReturnsBadRequest" computerName="DESKTOP-GN1K3QQ" duration="00:00:00.0009956" startTime="2025-12-11T16:45:03.8135119-05:00" endTime="2025-12-11T16:45:03.8135120-05:00" testType="13cdc9d9-ddb5-4fa4-a97d-d965ccfc6d4b" outcome="Passed" testListId="8c84fa94-04c1-424b-9868-57a2d4851a1d" relativeResultsDirectory="bd62962e-da95-4fa9-a5eb-03e2ab65f10a" />
    <UnitTestResult executionId="0aef7c21-4c4a-4a2f-89f7-aa43cd3a7071" testId="23eb1bb2-0b7b-07f2-4925-ac5def2bbcdb" testName="Listenarr.Api.Tests.QualityProfileScoringTests.NZB_TitleParsing_DetectsFormatAndLanguageAndIgnoresSize" computerName="DESKTOP-GN1K3QQ" duration="00:00:00.0018970" startTime="2025-12-11T16:45:03.9132994-05:00" endTime="2025-12-11T16:45:03.9132997-05:00" testType="13cdc9d9-ddb5-4fa4-a97d-d965ccfc6d4b" outcome="Passed" testListId="8c84fa94-04c1-424b-9868-57a2d4851a1d" relativeResultsDirectory="0aef7c21-4c4a-4a2f-89f7-aa43cd3a7071" />
    <UnitTestResult executionId="0d38ca83-8a99-4278-85ba-4adf3274d510" testId="7b3029ac-fa4a-e2fd-cdc2-a1fa00e0dd2b" testName="Listenarr.Api.Tests.DownloadService_ImportTests.ManualImport_AppendsUniqueSuffix_WhenDestinationExists" computerName="DESKTOP-GN1K3QQ" duration="00:00:00.1381532" startTime="2025-12-11T16:45:04.1338460-05:00" endTime="2025-12-11T16:45:04.1338460-05:00" testType="13cdc9d9-ddb5-4fa4-a97d-d965ccfc6d4b" outcome="Passed" testListId="8c84fa94-04c1-424b-9868-57a2d4851a1d" relativeResultsDirectory="0d38ca83-8a99-4278-85ba-4adf3274d510" />
    <UnitTestResult executionId="a1cf9d2f-a731-49b7-a2e0-ce663cc4816b" testId="7cb1dfe3-83e1-7836-8ad3-e66209c6493e" testName="Listenarr.Api.Tests.Services.LogRedactionTests.RedactText_ReplacesSensitiveEnvironmentValues" computerName="DESKTOP-GN1K3QQ" duration="00:00:00.0014972" startTime="2025-12-11T16:45:02.9355097-05:00" endTime="2025-12-11T16:45:02.9355100-05:00" testType="13cdc9d9-ddb5-4fa4-a97d-d965ccfc6d4b" outcome="Passed" testListId="8c84fa94-04c1-424b-9868-57a2d4851a1d" relativeResultsDirectory="a1cf9d2f-a731-49b7-a2e0-ce663cc4816b" />
    <UnitTestResult executionId="03e3fad7-2ca5-49f7-ab7b-3806005d6c56" testId="c33e0162-0fd7-e425-2631-1cf41ba5f723" testName="Listenarr.Api.Tests.NotificationServiceTests.CreateDiscordPayload_EnforcesOverallEmbedLimit_TruncatesAsNeeded" computerName="DESKTOP-GN1K3QQ" duration="00:00:00.0338143" startTime="2025-12-11T16:45:03.9902070-05:00" endTime="2025-12-11T16:45:03.9902074-05:00" testType="13cdc9d9-ddb5-4fa4-a97d-d965ccfc6d4b" outcome="Passed" testListId="8c84fa94-04c1-424b-9868-57a2d4851a1d" relativeResultsDirectory="03e3fad7-2ca5-49f7-ab7b-3806005d6c56" />
    <UnitTestResult executionId="bbfbbf39-008e-42a7-a5a4-783be211a5a9" testId="f9d4fced-415c-3d46-80ce-c33950fae78e" testName="Listenarr.Api.Tests.QualityProfileScoringTests.MissingQuality_ShouldBePenalized" computerName="DESKTOP-GN1K3QQ" duration="00:00:00.0011929" startTime="2025-12-11T16:45:03.9089017-05:00" endTime="2025-12-11T16:45:03.9089019-05:00" testType="13cdc9d9-ddb5-4fa4-a97d-d965ccfc6d4b" outcome="Passed" testListId="8c84fa94-04c1-424b-9868-57a2d4851a1d" relativeResultsDirectory="bbfbbf39-008e-42a7-a5a4-783be211a5a9" />
    <UnitTestResult executionId="118d53b5-db00-4c4a-804e-89ee42e1289b" testId="e242989b-64c3-3464-e2d8-32c6adcd0759" testName="Listenarr.Api.Tests.AuthenticationMiddlewareTests.ProtectedEndpoint_Returns401_WhenUnauthenticated_AndAuthRequired" computerName="DESKTOP-GN1K3QQ" duration="00:00:00.2550033" startTime="2025-12-11T16:45:04.9918735-05:00" endTime="2025-12-11T16:45:04.9918739-05:00" testType="13cdc9d9-ddb5-4fa4-a97d-d965ccfc6d4b" outcome="Passed" testListId="8c84fa94-04c1-424b-9868-57a2d4851a1d" relativeResultsDirectory="118d53b5-db00-4c4a-804e-89ee42e1289b" />
    <UnitTestResult executionId="2e3469af-7175-4cab-965b-581ececce5ea" testId="7e2549b0-8366-3305-fd1e-4e8fd8c3852e" testName="Listenarr.Api.Tests.IndexersNewznabAuthTests.TestDraft_Torznab_UsesSearchEndpointForStricterAuth" computerName="DESKTOP-GN1K3QQ" duration="00:00:00.0013360" startTime="2025-12-11T16:45:03.7934720-05:00" endTime="2025-12-11T16:45:03.7934721-05:00" testType="13cdc9d9-ddb5-4fa4-a97d-d965ccfc6d4b" outcome="Passed" testListId="8c84fa94-04c1-424b-9868-57a2d4851a1d" relativeResultsDirectory="2e3469af-7175-4cab-965b-581ececce5ea" />
    <UnitTestResult executionId="04ec766f-42e7-48d5-b94f-c50e8fff5113" testId="bb7164e2-4efb-8015-aaff-e4f0336c0f8a" testName="Listenarr.Api.Tests.SearchControllerTests.IntelligentSearch_ReturnsEnrichedResults" computerName="DESKTOP-GN1K3QQ" duration="00:00:00.0250020" startTime="2025-12-11T16:45:02.9696695-05:00" endTime="2025-12-11T16:45:02.9696699-05:00" testType="13cdc9d9-ddb5-4fa4-a97d-d965ccfc6d4b" outcome="Passed" testListId="8c84fa94-04c1-424b-9868-57a2d4851a1d" relativeResultsDirectory="04ec766f-42e7-48d5-b94f-c50e8fff5113" />
    <UnitTestResult executionId="e4e62e7c-fb8f-45f2-9d38-06f7c44d8460" testId="a1ccc234-f6f8-4cb1-ef83-1b763b866b4f" testName="Listenarr.Api.Tests.QualityProfileScoringTests.ForbiddenWord_ShouldReject" computerName="DESKTOP-GN1K3QQ" duration="00:00:00.0008056" startTime="2025-12-11T16:45:03.9058723-05:00" endTime="2025-12-11T16:45:03.9058726-05:00" testType="13cdc9d9-ddb5-4fa4-a97d-d965ccfc6d4b" outcome="Passed" testListId="8c84fa94-04c1-424b-9868-57a2d4851a1d" relativeResultsDirectory="e4e62e7c-fb8f-45f2-9d38-06f7c44d8460" />
    <UnitTestResult executionId="e3898c48-f98c-4792-a2a1-3da6c6eb4bae" testId="ddfdbfb3-e0f1-92b7-694a-fa5358fd971e" testName="Listenarr.Api.Tests.DependencyInjectionTests.InfrastructureRegistrations_ResolveIAudiobookRepository" computerName="DESKTOP-GN1K3QQ" duration="00:00:00.0100154" startTime="2025-12-11T16:45:02.9951417-05:00" endTime="2025-12-11T16:45:02.9951425-05:00" testType="13cdc9d9-ddb5-4fa4-a97d-d965ccfc6d4b" outcome="Passed" testListId="8c84fa94-04c1-424b-9868-57a2d4851a1d" relativeResultsDirectory="e3898c48-f98c-4792-a2a1-3da6c6eb4bae" />
    <UnitTestResult executionId="119f4736-c963-4677-8186-2e62656c2a79" testId="8364b3d0-a1b8-0f6f-e27b-7722a5484592" testName="Listenarr.Api.Tests.IndexersNewznabAuthTests.TestDraft_Newznab_XmlErrorWithUnauthorized_ReturnsBadRequest" computerName="DESKTOP-GN1K3QQ" duration="00:00:00.0011921" startTime="2025-12-11T16:45:02.9222938-05:00" endTime="2025-12-11T16:45:02.9222939-05:00" testType="13cdc9d9-ddb5-4fa4-a97d-d965ccfc6d4b" outcome="Passed" testListId="8c84fa94-04c1-424b-9868-57a2d4851a1d" relativeResultsDirectory="119f4736-c963-4677-8186-2e62656c2a79" />
    <UnitTestResult executionId="ecfddb46-4b1b-4069-8c19-a75df7439a43" testId="fc9698a0-7712-99ca-ffd0-2c525b650f1d" testName="Listenarr.Api.Tests.IntelligentSearchIntegrationTests.IntelligentSearch_ReturnsEnrichedResults_WhenAudibleIsMocked" computerName="DESKTOP-GN1K3QQ" duration="00:00:02.0119413" startTime="2025-12-11T16:45:04.7713413-05:00" endTime="2025-12-11T16:45:04.7713419-05:00" testType="13cdc9d9-ddb5-4fa4-a97d-d965ccfc6d4b" outcome="Passed" testListId="8c84fa94-04c1-424b-9868-57a2d4851a1d" relativeResultsDirectory="ecfddb46-4b1b-4069-8c19-a75df7439a43" />
    <UnitTestResult executionId="5af5a154-ff0b-4bba-b82d-4f3c2df2ee0d" testId="16eb21b6-9129-5267-a244-45e059ed03c5" testName="Listenarr.Api.Tests.TitleMatchingServiceTests.AreTitlesSimilar_BasicCases(a: &quot;The Great Book (unabridged)&quot;, b: &quot;Great Book&quot;, expected: True)" computerName="DESKTOP-GN1K3QQ" duration="00:00:00.0000367" startTime="2025-12-11T16:45:02.8148702-05:00" endTime="2025-12-11T16:45:02.8148704-05:00" testType="13cdc9d9-ddb5-4fa4-a97d-d965ccfc6d4b" outcome="Passed" testListId="8c84fa94-04c1-424b-9868-57a2d4851a1d" relativeResultsDirectory="5af5a154-ff0b-4bba-b82d-4f3c2df2ee0d" />
    <UnitTestResult executionId="cd47f9ff-ac89-4935-ac54-f4beef1d0f19" testId="3fa9c2aa-6b67-2527-d5a8-89d6ef50772d" testName="Listenarr.Api.Tests.QualityProfileScoringTests.PerfectMatch_ShouldBeHighScore" computerName="DESKTOP-GN1K3QQ" duration="00:00:00.0132567" startTime="2025-12-11T16:45:03.9049889-05:00" endTime="2025-12-11T16:45:03.9049892-05:00" testType="13cdc9d9-ddb5-4fa4-a97d-d965ccfc6d4b" outcome="Passed" testListId="8c84fa94-04c1-424b-9868-57a2d4851a1d" relativeResultsDirectory="cd47f9ff-ac89-4935-ac54-f4beef1d0f19" />
    <UnitTestResult executionId="c10d5d86-19f4-4750-8589-5ebfee638e83" testId="6317cb6e-5092-ff0d-e795-f0647dec671c" testName="Listenarr.Api.Tests.TitleMatchingServiceTests.IsMatchingTitle_EmptyInputs_ReturnsFalse" computerName="DESKTOP-GN1K3QQ" duration="00:00:00.0003741" startTime="2025-12-11T16:45:02.8149367-05:00" endTime="2025-12-11T16:45:02.8149368-05:00" testType="13cdc9d9-ddb5-4fa4-a97d-d965ccfc6d4b" outcome="Passed" testListId="8c84fa94-04c1-424b-9868-57a2d4851a1d" relativeResultsDirectory="c10d5d86-19f4-4750-8589-5ebfee638e83" />
    <UnitTestResult executionId="9a1a332f-2af4-4216-839d-d6d4991963fb" testId="c97d1ae2-0610-983d-23e7-a1d1e1b6ac84" testName="Listenarr.Api.Tests.UsDomainRetryTests.Amazon_GetHtmlAsync_RetriesToCom_WhenNonUsHostRequested" computerName="DESKTOP-GN1K3QQ" duration="00:00:00.0054224" startTime="2025-12-11T16:45:03.8917796-05:00" endTime="2025-12-11T16:45:03.8917798-05:00" testType="13cdc9d9-ddb5-4fa4-a97d-d965ccfc6d4b" outcome="Passed" testListId="8c84fa94-04c1-424b-9868-57a2d4851a1d" relativeResultsDirectory="9a1a332f-2af4-4216-839d-d6d4991963fb" />
    <UnitTestResult executionId="0913ff58-6f74-4306-8f00-f53532e249af" testId="2b6b2d9c-e76d-b43d-2f56-161a0e329ae5" testName="Listenarr.Api.Tests.UsDomainRetryTests.Audible_TryFetchProductTitle_RetriesToCom_WhenLocaleRedirectDetected" computerName="DESKTOP-GN1K3QQ" duration="00:00:00.1098569" startTime="2025-12-11T16:45:03.8868377-05:00" endTime="2025-12-11T16:45:03.8868384-05:00" testType="13cdc9d9-ddb5-4fa4-a97d-d965ccfc6d4b" outcome="Passed" testListId="8c84fa94-04c1-424b-9868-57a2d4851a1d" relativeResultsDirectory="0913ff58-6f74-4306-8f00-f53532e249af" />
    <UnitTestResult executionId="82615014-418b-4fce-8ef3-48a47168fc7f" testId="c6136ea6-7d31-0796-845d-af94ef145b6a" testName="Listenarr.Api.Tests.QualityProfileScoringTests.LanguageMismatch_ShouldBePenalized" computerName="DESKTOP-GN1K3QQ" duration="00:00:00.0012370" startTime="2025-12-11T16:45:03.9102323-05:00" endTime="2025-12-11T16:45:03.9102325-05:00" testType="13cdc9d9-ddb5-4fa4-a97d-d965ccfc6d4b" outcome="Passed" testListId="8c84fa94-04c1-424b-9868-57a2d4851a1d" relativeResultsDirectory="82615014-418b-4fce-8ef3-48a47168fc7f" />
    <UnitTestResult executionId="e037b336-c473-41a6-a6f9-2574cc28b945" testId="a2b518f7-f2bf-695a-8a32-9f8bb14aa1f2" testName="Listenarr.Api.Tests.TitleMatchingServiceTests.NormalizeTitle_RemovesNoise(input: &quot;Some_Title-v0.flac&quot;, expectedStart: &quot;Some Title&quot;)" computerName="DESKTOP-GN1K3QQ" duration="00:00:00.0000260" startTime="2025-12-11T16:45:02.8150697-05:00" endTime="2025-12-11T16:45:02.8150698-05:00" testType="13cdc9d9-ddb5-4fa4-a97d-d965ccfc6d4b" outcome="Passed" testListId="8c84fa94-04c1-424b-9868-57a2d4851a1d" relativeResultsDirectory="e037b336-c473-41a6-a6f9-2574cc28b945" />
    <UnitTestResult executionId="eaa76a2c-97de-4f29-851f-72e3ad7185e9" testId="07f5e151-56f0-1826-fdab-b5e2e159b1d3" testName="Listenarr.Api.Tests.TitleMatchingServiceTests.NormalizeTitle_RemovesNoise(input: &quot;An Audiobook - Unabridged&quot;, expectedStart: &quot;An Audiobook&quot;)" computerName="DESKTOP-GN1K3QQ" duration="00:00:00.0001898" startTime="2025-12-11T16:45:02.8150292-05:00" endTime="2025-12-11T16:45:02.8150293-05:00" testType="13cdc9d9-ddb5-4fa4-a97d-d965ccfc6d4b" outcome="Passed" testListId="8c84fa94-04c1-424b-9868-57a2d4851a1d" relativeResultsDirectory="eaa76a2c-97de-4f29-851f-72e3ad7185e9" />
    <UnitTestResult executionId="fb9b481b-c3ec-40f4-b323-7e06a0f41a1f" testId="10e23b1d-69cd-bb33-07cb-7b0d6b4238bc" testName="Listenarr.Api.Tests.DownloadMonitorFinalizationTests.PollSABnzbd_Mapping_StripsNumericSuffix_AndFinalizesDownload" computerName="DESKTOP-GN1K3QQ" duration="00:00:00.0216269" startTime="2025-12-11T16:45:05.2687848-05:00" endTime="2025-12-11T16:45:05.2687852-05:00" testType="13cdc9d9-ddb5-4fa4-a97d-d965ccfc6d4b" outcome="Passed" testListId="8c84fa94-04c1-424b-9868-57a2d4851a1d" relativeResultsDirectory="fb9b481b-c3ec-40f4-b323-7e06a0f41a1f" />
    <UnitTestResult executionId="bc776153-b83f-4275-af2a-575d61137e0c" testId="d94625d8-3713-ad7b-4d09-8421d78340ba" testName="Listenarr.Api.Tests.ParseLanguageTests.ParseLanguageFromText_RecognizesCodes(input: &quot;No language here&quot;, expected: null)" computerName="DESKTOP-GN1K3QQ" duration="00:00:00.0048397" startTime="2025-12-11T16:45:03.9558628-05:00" endTime="2025-12-11T16:45:03.9558631-05:00" testType="13cdc9d9-ddb5-4fa4-a97d-d965ccfc6d4b" outcome="Passed" testListId="8c84fa94-04c1-424b-9868-57a2d4851a1d" relativeResultsDirectory="bc776153-b83f-4275-af2a-575d61137e0c" />
    <UnitTestResult executionId="32206b7b-66b9-4b48-89e2-203e7f8d04ba" testId="c937f493-f661-1f5b-e67b-ea2c771ca1d5" testName="Listenarr.Api.Tests.JsonValueConvertersTests.JsonValueConverter_SerializesNullToEmptyAndDeserializesToNewInstance" computerName="DESKTOP-GN1K3QQ" duration="00:00:00.0076549" startTime="2025-12-11T16:45:03.9250962-05:00" endTime="2025-12-11T16:45:03.9250966-05:00" testType="13cdc9d9-ddb5-4fa4-a97d-d965ccfc6d4b" outcome="Passed" testListId="8c84fa94-04c1-424b-9868-57a2d4851a1d" relativeResultsDirectory="32206b7b-66b9-4b48-89e2-203e7f8d04ba" />
    <UnitTestResult executionId="900f18f6-ce02-4450-a6d5-8458edae9a43" testId="4b8aaf8f-5422-f146-f06c-f78e608a4c16" testName="Listenarr.Api.Tests.DownloadMonitorFinalizationTests.FinalizeDownload_MovesFile_WhenSettingIsMove" computerName="DESKTOP-GN1K3QQ" duration="00:00:00.0167733" startTime="2025-12-11T16:45:05.2857760-05:00" endTime="2025-12-11T16:45:05.2857764-05:00" testType="13cdc9d9-ddb5-4fa4-a97d-d965ccfc6d4b" outcome="Passed" testListId="8c84fa94-04c1-424b-9868-57a2d4851a1d" relativeResultsDirectory="900f18f6-ce02-4450-a6d5-8458edae9a43" />
    <UnitTestResult executionId="ea7ea72e-c3d4-461e-a170-f42969a8f498" testId="5ad46b5c-b19a-1c1f-0a45-080b41fb39b0" testName="Listenarr.Api.Tests.ParseLanguageTests.ParseLanguageFromText_RecognizesCodes(input: &quot;[DUT] Title&quot;, expected: &quot;Dutch&quot;)" computerName="DESKTOP-GN1K3QQ" duration="00:00:00.0003744" startTime="2025-12-11T16:45:03.9511695-05:00" endTime="2025-12-11T16:45:03.9511696-05:00" testType="13cdc9d9-ddb5-4fa4-a97d-d965ccfc6d4b" outcome="Passed" testListId="8c84fa94-04c1-424b-9868-57a2d4851a1d" relativeResultsDirectory="ea7ea72e-c3d4-461e-a170-f42969a8f498" />
    <UnitTestResult executionId="66954a6d-6370-4179-b9bb-6895dd244d52" testId="733f953a-7230-8c3d-68b4-94f63084c349" testName="Listenarr.Api.Tests.NotificationPayloadBuilderAdapterTests.CreateDiscordPayload_ReturnsExpectedContent" computerName="DESKTOP-GN1K3QQ" duration="00:00:00.0773706" startTime="2025-12-11T16:45:02.8368230-05:00" endTime="2025-12-11T16:45:02.8368233-05:00" testType="13cdc9d9-ddb5-4fa4-a97d-d965ccfc6d4b" outcome="Passed" testListId="8c84fa94-04c1-424b-9868-57a2d4851a1d" relativeResultsDirectory="66954a6d-6370-4179-b9bb-6895dd244d52" />
    <UnitTestResult executionId="dced532f-10c5-4834-868e-d33297f6f6cf" testId="14ad54b6-a471-23ad-2613-f9f16b9ca972" testName="Listenarr.Api.Tests.LibraryController_BasePathTests.ComputeAudiobookBaseDirectoryFromPattern_SeriesBook_ReturnsCorrectPath" computerName="DESKTOP-GN1K3QQ" duration="00:00:00.1739427" startTime="2025-12-11T16:45:02.9333762-05:00" endTime="2025-12-11T16:45:02.9333765-05:00" testType="13cdc9d9-ddb5-4fa4-a97d-d965ccfc6d4b" outcome="Passed" testListId="8c84fa94-04c1-424b-9868-57a2d4851a1d" relativeResultsDirectory="dced532f-10c5-4834-868e-d33297f6f6cf" />
    <UnitTestResult executionId="69756258-9433-4057-8916-9a97a964e55b" testId="f4637a9f-60ce-4f95-adac-ff796ba8d9a6" testName="Listenarr.Api.Tests.QualityScoringTests.GetQualityScore_VariousTokens_ReturnsExpected" computerName="DESKTOP-GN1K3QQ" duration="00:00:00.0010533" startTime="2025-12-11T16:45:04.1142108-05:00" endTime="2025-12-11T16:45:04.1142110-05:00" testType="13cdc9d9-ddb5-4fa4-a97d-d965ccfc6d4b" outcome="Passed" testListId="8c84fa94-04c1-424b-9868-57a2d4851a1d" relativeResultsDirectory="69756258-9433-4057-8916-9a97a964e55b" />
    <UnitTestResult executionId="36c9a077-8778-4996-84ac-370db338098c" testId="ad142dec-b279-25c6-7e13-5b587f5abf97" testName="Listenarr.Api.Tests.Services.SystemProcessRunnerTests.RunAsync_RedactsTransientSensitiveValues" computerName="DESKTOP-GN1K3QQ" duration="00:00:00.0568801" startTime="2025-12-11T16:45:04.1852457-05:00" endTime="2025-12-11T16:45:04.1852461-05:00" testType="13cdc9d9-ddb5-4fa4-a97d-d965ccfc6d4b" outcome="Passed" testListId="8c84fa94-04c1-424b-9868-57a2d4851a1d" relativeResultsDirectory="36c9a077-8778-4996-84ac-370db338098c" />
    <UnitTestResult executionId="d8569344-8c11-4231-b334-1d57630f5692" testId="5cc5f03f-c239-1879-d3a4-10e4a36e180b" testName="Listenarr.Api.Tests.IndexersPersistedAuthTests.TestPersisted_Newznab_ValidApiKey_PersistsSuccess" computerName="DESKTOP-GN1K3QQ" duration="00:00:00.8699299" startTime="2025-12-11T16:45:03.7933504-05:00" endTime="2025-12-11T16:45:03.7933504-05:00" testType="13cdc9d9-ddb5-4fa4-a97d-d965ccfc6d4b" outcome="Passed" testListId="8c84fa94-04c1-424b-9868-57a2d4851a1d" relativeResultsDirectory="d8569344-8c11-4231-b334-1d57630f5692" />
    <UnitTestResult executionId="2726c657-fd39-4ba9-a2a1-12637a8721a2" testId="cdb07a7c-a190-7fd7-3264-199d51ff3200" testName="Listenarr.Api.Tests.ParseLanguageTests.ParseLanguageFromText_RecognizesCodes(input: &quot;Title - NL&quot;, expected: &quot;Dutch&quot;)" computerName="DESKTOP-GN1K3QQ" duration="00:00:00.0000261" startTime="2025-12-11T16:45:03.9560597-05:00" endTime="2025-12-11T16:45:03.9560599-05:00" testType="13cdc9d9-ddb5-4fa4-a97d-d965ccfc6d4b" outcome="Passed" testListId="8c84fa94-04c1-424b-9868-57a2d4851a1d" relativeResultsDirectory="2726c657-fd39-4ba9-a2a1-12637a8721a2" />
    <UnitTestResult executionId="48eef9ff-64d4-4f18-9389-c4816a0ffec5" testId="8ef24cdf-fc96-7c65-bf0b-503b3c0b2a3c" testName="Listenarr.Api.Tests.TitleMatchingServiceTests.AreTitlesSimilar_BasicCases(a: &quot;The Great Book - 320kbps&quot;, b: &quot;The Great Book&quot;, expected: True)" computerName="DESKTOP-GN1K3QQ" duration="00:00:00.0004564" startTime="2025-12-11T16:45:02.8012120-05:00" endTime="2025-12-11T16:45:02.8012121-05:00" testType="13cdc9d9-ddb5-4fa4-a97d-d965ccfc6d4b" outcome="Passed" testListId="8c84fa94-04c1-424b-9868-57a2d4851a1d" relativeResultsDirectory="48eef9ff-64d4-4f18-9389-c4816a0ffec5" />
    <UnitTestResult executionId="d3f722f6-868c-466a-ad8c-250c9d837959" testId="1881f402-4971-f02a-5711-1dbf2a11fff5" testName="Listenarr.Api.Tests.IndexersNewznabAuthTests.TestDraft_Newznab_UsesSearchEndpointForStricterAuth" computerName="DESKTOP-GN1K3QQ" duration="00:00:00.0016787" startTime="2025-12-11T16:45:02.9238112-05:00" endTime="2025-12-11T16:45:02.9238116-05:00" testType="13cdc9d9-ddb5-4fa4-a97d-d965ccfc6d4b" outcome="Passed" testListId="8c84fa94-04c1-424b-9868-57a2d4851a1d" relativeResultsDirectory="d3f722f6-868c-466a-ad8c-250c9d837959" />
    <UnitTestResult executionId="add9c9f7-6019-4f1d-877b-86a604e8c1b9" testId="d5e797e1-9a7a-12c8-28a0-5836cfc85da0" testName="Listenarr.Api.Tests.IndexersAuthTests.TestDraft_Newznab_InvalidApiKey_ReturnsBadRequestAndMarksFailed" computerName="DESKTOP-GN1K3QQ" duration="00:00:00.0011039" startTime="2025-12-11T16:45:02.9324630-05:00" endTime="2025-12-11T16:45:02.9324633-05:00" testType="13cdc9d9-ddb5-4fa4-a97d-d965ccfc6d4b" outcome="Passed" testListId="8c84fa94-04c1-424b-9868-57a2d4851a1d" relativeResultsDirectory="add9c9f7-6019-4f1d-877b-86a604e8c1b9" />
    <UnitTestResult executionId="9c0beb32-36ff-4d2d-8783-8194ae2f0061" testId="f797c1a6-1160-e860-ae3f-f80002d25b60" testName="Listenarr.Api.Tests.IndexersNewznabAuthTests.TestDraft_Newznab_XmlErrorWithInvalidApiKey_ReturnsBadRequest" computerName="DESKTOP-GN1K3QQ" duration="00:00:00.0020381" startTime="2025-12-11T16:45:02.9208842-05:00" endTime="2025-12-11T16:45:02.9208845-05:00" testType="13cdc9d9-ddb5-4fa4-a97d-d965ccfc6d4b" outcome="Passed" testListId="8c84fa94-04c1-424b-9868-57a2d4851a1d" relativeResultsDirectory="9c0beb32-36ff-4d2d-8783-8194ae2f0061" />
  </Results>
  <TestDefinitions>
    <UnitTest name="Listenarr.Api.Tests.ParseLanguageTests.ParseLanguageFromText_RecognizesCodes(input: &quot;[FRE] Bar&quot;, expected: &quot;French&quot;)" storage="c:\users\robbie\documents\github\listenarr\tests\listenarr.api.tests\bin\debug\net8.0\listenarr.api.tests.dll" id="28e0b528-da02-8226-e980-3bb1b6a33d55">
      <Execution id="07f8edf9-4643-48bf-beac-70345d04b852" />
      <TestMethod codeBase="C:\Users\Robbie\Documents\GitHub\Listenarr\tests\Listenarr.Api.Tests\bin\Debug\net8.0\Listenarr.Api.Tests.dll" adapterTypeName="executor://xunit/VsTestRunner2/netcoreapp" className="Listenarr.Api.Tests.ParseLanguageTests" name="ParseLanguageFromText_RecognizesCodes" />
    </UnitTest>
    <UnitTest name="Listenarr.Api.Tests.QualityProfileScoringTests.NZB_OldPublishedDate_ShouldNotBeRejected" storage="c:\users\robbie\documents\github\listenarr\tests\listenarr.api.tests\bin\debug\net8.0\listenarr.api.tests.dll" id="9eb39bd4-c31c-4e85-2edf-ed955e23b01e">
      <Execution id="03a419ab-e2af-49ff-85c2-842d74c9f5c2" />
      <TestMethod codeBase="C:\Users\Robbie\Documents\GitHub\Listenarr\tests\Listenarr.Api.Tests\bin\Debug\net8.0\Listenarr.Api.Tests.dll" adapterTypeName="executor://xunit/VsTestRunner2/netcoreapp" className="Listenarr.Api.Tests.QualityProfileScoringTests" name="NZB_OldPublishedDate_ShouldNotBeRejected" />
    </UnitTest>
    <UnitTest name="Listenarr.Api.Tests.DownloadMonitorFinalizationTests.FinalizeDownload_CopiesFile_WhenSettingIsCopy" storage="c:\users\robbie\documents\github\listenarr\tests\listenarr.api.tests\bin\debug\net8.0\listenarr.api.tests.dll" id="40876b3d-b80f-ade2-d6c5-e6f762f7ea41">
      <Execution id="693196fd-7158-4627-a68b-f4f9a86f1e1a" />
      <TestMethod codeBase="C:\Users\Robbie\Documents\GitHub\Listenarr\tests\Listenarr.Api.Tests\bin\Debug\net8.0\Listenarr.Api.Tests.dll" adapterTypeName="executor://xunit/VsTestRunner2/netcoreapp" className="Listenarr.Api.Tests.DownloadMonitorFinalizationTests" name="FinalizeDownload_CopiesFile_WhenSettingIsCopy" />
    </UnitTest>
    <UnitTest name="Listenarr.Api.Tests.DownloadNaming_AudiobookMetadataTests.ProcessCompletedDownload_UsesAudiobookMetadata_ForNaming" storage="c:\users\robbie\documents\github\listenarr\tests\listenarr.api.tests\bin\debug\net8.0\listenarr.api.tests.dll" id="76d9a405-680b-675c-e824-45e840ca6efa">
      <Execution id="e1c460d5-4de0-458f-b2e3-9d7d98065528" />
      <TestMethod codeBase="C:\Users\Robbie\Documents\GitHub\Listenarr\tests\Listenarr.Api.Tests\bin\Debug\net8.0\Listenarr.Api.Tests.dll" adapterTypeName="executor://xunit/VsTestRunner2/netcoreapp" className="Listenarr.Api.Tests.DownloadNaming_AudiobookMetadataTests" name="ProcessCompletedDownload_UsesAudiobookMetadata_ForNaming" />
    </UnitTest>
    <UnitTest name="Listenarr.Api.Tests.SecurityRedactionTests.NotificationService_LogsAreRedacted_WhenResponseContainsSensitiveValue" storage="c:\users\robbie\documents\github\listenarr\tests\listenarr.api.tests\bin\debug\net8.0\listenarr.api.tests.dll" id="560a7cc2-3976-21ae-0b71-adf356987f47">
      <Execution id="29a8a9a0-bb8a-4885-88dd-31d3812bd71b" />
      <TestMethod codeBase="C:\Users\Robbie\Documents\GitHub\Listenarr\tests\Listenarr.Api.Tests\bin\Debug\net8.0\Listenarr.Api.Tests.dll" adapterTypeName="executor://xunit/VsTestRunner2/netcoreapp" className="Listenarr.Api.Tests.SecurityRedactionTests" name="NotificationService_LogsAreRedacted_WhenResponseContainsSensitiveValue" />
    </UnitTest>
    <UnitTest name="Listenarr.Api.Tests.TitleMatchingServiceTests.NormalizeTitle_RemovesNoise(input: &quot;Some_Title-v0.flac&quot;, expectedStart: &quot;Some Title&quot;)" storage="c:\users\robbie\documents\github\listenarr\tests\listenarr.api.tests\bin\debug\net8.0\listenarr.api.tests.dll" id="a2b518f7-f2bf-695a-8a32-9f8bb14aa1f2">
      <Execution id="e037b336-c473-41a6-a6f9-2574cc28b945" />
      <TestMethod codeBase="C:\Users\Robbie\Documents\GitHub\Listenarr\tests\Listenarr.Api.Tests\bin\Debug\net8.0\Listenarr.Api.Tests.dll" adapterTypeName="executor://xunit/VsTestRunner2/netcoreapp" className="Listenarr.Api.Tests.TitleMatchingServiceTests" name="NormalizeTitle_RemovesNoise" />
    </UnitTest>
    <UnitTest name="Listenarr.Api.Tests.DownloadMonitorFinalizationTests.PollSABnzbd_MatchesHistoryByNzoId_AndFinalizesDownload" storage="c:\users\robbie\documents\github\listenarr\tests\listenarr.api.tests\bin\debug\net8.0\listenarr.api.tests.dll" id="ab85ac57-260d-b809-7551-57dc211aebe5">
      <Execution id="2f716640-9684-42ef-8e1e-0a5a07f56cb1" />
      <TestMethod codeBase="C:\Users\Robbie\Documents\GitHub\Listenarr\tests\Listenarr.Api.Tests\bin\Debug\net8.0\Listenarr.Api.Tests.dll" adapterTypeName="executor://xunit/VsTestRunner2/netcoreapp" className="Listenarr.Api.Tests.DownloadMonitorFinalizationTests" name="PollSABnzbd_MatchesHistoryByNzoId_AndFinalizesDownload" />
    </UnitTest>
    <UnitTest name="Listenarr.Api.Tests.QualityScoringTests.ScoreSearchResult_AppliesPenaltiesAndQualityScore" storage="c:\users\robbie\documents\github\listenarr\tests\listenarr.api.tests\bin\debug\net8.0\listenarr.api.tests.dll" id="485ca6e5-988c-abe6-925a-3c2342235ae8">
      <Execution id="43f85472-5946-4115-b292-28a258f88e07" />
      <TestMethod codeBase="C:\Users\Robbie\Documents\GitHub\Listenarr\tests\Listenarr.Api.Tests\bin\Debug\net8.0\Listenarr.Api.Tests.dll" adapterTypeName="executor://xunit/VsTestRunner2/netcoreapp" className="Listenarr.Api.Tests.QualityScoringTests" name="ScoreSearchResult_AppliesPenaltiesAndQualityScore" />
    </UnitTest>
    <UnitTest name="Listenarr.Api.Tests.DownloadMonitorFinalizationTests.PollSABnzbd_SchedulesRetry_AndFinalizes_WhenFileArrives" storage="c:\users\robbie\documents\github\listenarr\tests\listenarr.api.tests\bin\debug\net8.0\listenarr.api.tests.dll" id="7b957f45-af7d-418e-f67e-c452bef706cc">
      <Execution id="33dcd716-b442-4b36-a507-bfe466057ea7" />
      <TestMethod codeBase="C:\Users\Robbie\Documents\GitHub\Listenarr\tests\Listenarr.Api.Tests\bin\Debug\net8.0\Listenarr.Api.Tests.dll" adapterTypeName="executor://xunit/VsTestRunner2/netcoreapp" className="Listenarr.Api.Tests.DownloadMonitorFinalizationTests" name="PollSABnzbd_SchedulesRetry_AndFinalizes_WhenFileArrives" />
    </UnitTest>
    <UnitTest name="Listenarr.Api.Tests.IndexersNewznabAuthTests.TestDraft_Newznab_HttpForbidden_DetectsAuthFailure" storage="c:\users\robbie\documents\github\listenarr\tests\listenarr.api.tests\bin\debug\net8.0\listenarr.api.tests.dll" id="530f00cb-3290-d366-caea-a19b0ea4fc07">
      <Execution id="681e57e9-6b77-4885-a389-149790e96c69" />
      <TestMethod codeBase="C:\Users\Robbie\Documents\GitHub\Listenarr\tests\Listenarr.Api.Tests\bin\Debug\net8.0\Listenarr.Api.Tests.dll" adapterTypeName="executor://xunit/VsTestRunner2/netcoreapp" className="Listenarr.Api.Tests.IndexersNewznabAuthTests" name="TestDraft_Newznab_HttpForbidden_DetectsAuthFailure" />
    </UnitTest>
    <UnitTest name="Listenarr.Api.Tests.FileUtilsTests.GetUniqueDestinationPath_LongName_AppendsSuffix" storage="c:\users\robbie\documents\github\listenarr\tests\listenarr.api.tests\bin\debug\net8.0\listenarr.api.tests.dll" id="d036153c-2d43-c7ba-52c7-f7a28e09781b">
      <Execution id="322913e6-73e0-432a-a96a-52dccad692f7" />
      <TestMethod codeBase="C:\Users\Robbie\Documents\GitHub\Listenarr\tests\Listenarr.Api.Tests\bin\Debug\net8.0\Listenarr.Api.Tests.dll" adapterTypeName="executor://xunit/VsTestRunner2/netcoreapp" className="Listenarr.Api.Tests.FileUtilsTests" name="GetUniqueDestinationPath_LongName_AppendsSuffix" />
    </UnitTest>
    <UnitTest name="Listenarr.Api.Tests.Services.SystemProcessRunnerTests.RunAsync_DoesNotRedact_WhenNotRegistered" storage="c:\users\robbie\documents\github\listenarr\tests\listenarr.api.tests\bin\debug\net8.0\listenarr.api.tests.dll" id="37a16cd6-f055-429f-aaba-1ecb16e44124">
      <Execution id="0463223d-d3de-4064-bb1b-3fe538ece497" />
      <TestMethod codeBase="C:\Users\Robbie\Documents\GitHub\Listenarr\tests\Listenarr.Api.Tests\bin\Debug\net8.0\Listenarr.Api.Tests.dll" adapterTypeName="executor://xunit/VsTestRunner2/netcoreapp" className="Listenarr.Api.Tests.Services.SystemProcessRunnerTests" name="RunAsync_DoesNotRedact_WhenNotRegistered" />
    </UnitTest>
    <UnitTest name="Listenarr.Api.Tests.QualityProfileScoringTests.MissingQuality_ShouldBePenalized" storage="c:\users\robbie\documents\github\listenarr\tests\listenarr.api.tests\bin\debug\net8.0\listenarr.api.tests.dll" id="f9d4fced-415c-3d46-80ce-c33950fae78e">
      <Execution id="bbfbbf39-008e-42a7-a5a4-783be211a5a9" />
      <TestMethod codeBase="C:\Users\Robbie\Documents\GitHub\Listenarr\tests\Listenarr.Api.Tests\bin\Debug\net8.0\Listenarr.Api.Tests.dll" adapterTypeName="executor://xunit/VsTestRunner2/netcoreapp" className="Listenarr.Api.Tests.QualityProfileScoringTests" name="MissingQuality_ShouldBePenalized" />
    </UnitTest>
[...]
2025-12-11 16:45:05.135 -05:00 [INF] [Listenarr.Api.Services.OpenLibraryService] Searching OpenLibrary: https://openlibrary.org/search.json&#xD;
2025-12-11 16:45:05.507 -05:00 [INF] [Listenarr.Api.Services.PlaywrightPageFetcher] Playwright browser launched&#xD;
2025-12-11 16:45:05.509 -05:00 [INF] [Listenarr.Api.Services.PlaywrightInstallBackgroundService] Playwright is available (background installer)&#xD;
2025-12-11 16:45:05.510 -05:00 [INF] [Listenarr.Api.Services.PlaywrightPageFetcher] Playwright browser launched&#xD;
2025-12-11 16:45:05.511 -05:00 [INF] [Listenarr.Api.Services.PlaywrightInstallBackgroundService] Playwright is available (background installer)&#xD;
2025-12-11 16:45:05.512 -05:00 [INF] [Listenarr.Api.Services.DownloadProcessingBackgroundService] Download Processing Background Service stopped&#xD;
2025-12-11 16:45:05.513 -05:00 [INF] [Listenarr.Api.Services.QueueMonitorService] Queue Monitor Service cancelled before start&#xD;
2025-12-11 16:45:05.522 -05:00 [INF] [Listenarr.Api.Services.TempFileCleanupService] Temp File Cleanup Service is stopping&#xD;
2025-12-11 16:45:05.523 -05:00 [INF] [Listenarr.Api.Services.TempFileCleanupService] Temp File Cleanup Service is stopping&#xD;
2025-12-11 16:45:05.524 -05:00 [INF] [Listenarr.Api.Services.TempFileCleanupService] Temp File Cleanup Service is stopping&#xD;
2025-12-11 16:45:05.525 -05:00 [INF] [Listenarr.Api.Services.ImageCacheCleanupService] Image Cache Cleanup Service is stopping&#xD;
2025-12-11 16:45:05.526 -05:00 [INF] [Listenarr.Api.Services.ImageCacheCleanupService] Image Cache Cleanup Service is stopping&#xD;
2025-12-11 16:45:05.526 -05:00 [INF] [Listenarr.Api.Services.ImageCacheCleanupService] Image Cache Cleanup Service is stopping before first cleanup&#xD;
2025-12-11 16:45:05.528 -05:00 [INF] [Listenarr.Api.Services.ScanBackgroundService] ScanBackgroundService cancellation requested&#xD;
2025-12-11 16:45:05.542 -05:00 [INF] [Listenarr.Api.Services.PlaywrightPageFetcher] Playwright browser launched&#xD;
2025-12-11 16:45:05.542 -05:00 [INF] [Listenarr.Api.Services.PlaywrightInstallBackgroundService] Playwright is available (background installer)&#xD;
2025-12-11 16:45:05.542 -05:00 [INF] [Listenarr.Api.Services.DownloadProcessingBackgroundService] Download Processing Background Service stopped&#xD;
2025-12-11 16:45:05.542 -05:00 [INF] [Listenarr.Api.Services.QueueMonitorService] Queue Monitor Service cancelled before start&#xD;
2025-12-11 16:45:05.543 -05:00 [INF] [Listenarr.Api.Services.TempFileCleanupService] Temp File Cleanup Service is stopping&#xD;
2025-12-11 16:45:05.543 -05:00 [INF] [Listenarr.Api.Services.TempFileCleanupService] Temp File Cleanup Service is stopping&#xD;
2025-12-11 16:45:05.543 -05:00 [INF] [Listenarr.Api.Services.TempFileCleanupService] Temp File Cleanup Service is stopping&#xD;
2025-12-11 16:45:05.543 -05:00 [INF] [Listenarr.Api.Services.ImageCacheCleanupService] Image Cache Cleanup Service is stopping&#xD;
2025-12-11 16:45:05.543 -05:00 [INF] [Listenarr.Api.Services.ImageCacheCleanupService] Image Cache Cleanup Service is stopping&#xD;
2025-12-11 16:45:05.543 -05:00 [INF] [Listenarr.Api.Services.ImageCacheCleanupService] Image Cache Cleanup Service is stopping before first cleanup&#xD;
2025-12-11 16:45:05.544 -05:00 [INF] [Listenarr.Api.Services.ScanBackgroundService] ScanBackgroundService cancellation requested&#xD;
2025-12-11 16:45:05.735 -05:00 [INF] [Listenarr.Api.Services.Search.AsinCandidateCollector] OpenLibrary suggested title: Poetics&#xD;
2025-12-11 16:45:05.738 -05:00 [INF] [Listenarr.Api.Services.Search.MetadataConverters] SearchResult for ASIN : PublishYear='1536', PublishedDate=1536-01-01&#xD;
2025-12-11 16:45:05.739 -05:00 [INF] [Listenarr.Api.Services.Search.AsinCandidateCollector] OpenLibrary suggested title: Sonnets&#xD;
2025-12-11 16:45:05.739 -05:00 [INF] [Listenarr.Api.Services.Search.MetadataConverters] SearchResult for ASIN : PublishYear='1609', PublishedDate=1609-01-01&#xD;
2025-12-11 16:45:05.739 -05:00 [INF] [Listenarr.Api.Services.Search.AsinCandidateCollector] OpenLibrary suggested title: Bambi&#xD;
2025-12-11 16:45:05.739 -05:00 [INF] [Listenarr.Api.Services.Search.MetadataConverters] SearchResult for ASIN : PublishYear='1926', PublishedDate=1926-01-01&#xD;
2025-12-11 16:45:05.739 -05:00 [INF] [Listenarr.Api.Services.SearchService] Unified ASIN candidate list size: 3&#xD;
2025-12-11 16:45:05.739 -05:00 [INF] [Listenarr.Api.Services.SearchService] Fetching enabled metadata sources before concurrent enrichment...&#xD;
2025-12-11 16:45:05.804 -05:00 [INF] [Listenarr.Api.Services.SearchService] Retrieved 2 enabled metadata sources: Audimeta (Priority: 1, BaseUrl: https://audimeta.de), Audnexus (Priority: 2, BaseUrl: https://api.audnex.us)&#xD;
2025-12-11 16:45:05.804 -05:00 [INF] [Listenarr.Api.Services.SearchService] Will use 2 metadata source(s) for all ASINs&#xD;
2025-12-11 16:45:05.814 -05:00 [INF] [Listenarr.Api.Services.Search.Strategies.MetadataStrategyCoordinator] Attempting to fetch metadata for ASIN B0TESTASIN from 2 configured source(s): Audimeta, Audnexus&#xD;
2025-12-11 16:45:05.814 -05:00 [INF] [Listenarr.Api.Services.Search.Strategies.MetadataStrategyCoordinator] Attempting to fetch metadata from Audimeta (https://audimeta.de) for ASIN B0TESTASIN&#xD;
2025-12-11 16:45:05.817 -05:00 [INF] [Listenarr.Api.Services.AudimetaService] Fetching audiobook metadata from audimeta.de: https://audimeta.de/book/B0TESTASIN?cache=true&amp;region=us&#xD;
2025-12-11 16:45:05.829 -05:00 [INF] [Listenarr.Api.Services.Search.Strategies.MetadataStrategyCoordinator] Attempting to fetch metadata for ASIN B000000002 from 2 configured source(s): Audimeta, Audnexus&#xD;
2025-12-11 16:45:05.829 -05:00 [INF] [Listenarr.Api.Services.Search.Strategies.MetadataStrategyCoordinator] Attempting to fetch metadata from Audimeta (https://audimeta.de) for ASIN B000000002&#xD;
2025-12-11 16:45:05.830 -05:00 [INF] [Listenarr.Api.Services.AudimetaService] Fetching audiobook metadata from audimeta.de: https://audimeta.de/book/B000000002?cache=true&amp;region=us&#xD;
2025-12-11 16:45:05.831 -05:00 [INF] [Listenarr.Api.Services.Search.Strategies.MetadataStrategyCoordinator] Attempting to fetch metadata for ASIN B000000001 from 2 configured source(s): Audimeta, Audnexus&#xD;
2025-12-11 16:45:05.831 -05:00 [INF] [Listenarr.Api.Services.Search.Strategies.MetadataStrategyCoordinator] Attempting to fetch metadata from Audimeta (https://audimeta.de) for ASIN B000000001&#xD;
2025-12-11 16:45:05.831 -05:00 [INF] [Listenarr.Api.Services.AudimetaService] Fetching audiobook metadata from audimeta.de: https://audimeta.de/book/B000000001?cache=true&amp;region=us&#xD;
2025-12-11 16:45:06.070 -05:00 [INF] [Listenarr.Api.Services.PlaywrightPageFetcher] Playwright browser launched&#xD;
2025-12-11 16:45:06.070 -05:00 [INF] [Listenarr.Api.Services.PlaywrightInstallBackgroundService] Playwright is available (background installer)&#xD;
2025-12-11 16:45:06.070 -05:00 [INF] [Listenarr.Api.Services.DownloadProcessingBackgroundService] Download Processing Background Service stopped&#xD;
2025-12-11 16:45:06.071 -05:00 [INF] [Listenarr.Api.Services.PlaywrightPageFetcher] Playwright browser launched&#xD;
2025-12-11 16:45:06.071 -05:00 [INF] [Listenarr.Api.Services.QueueMonitorService] Queue Monitor Service cancelled before start&#xD;
2025-12-11 16:45:06.071 -05:00 [INF] [Listenarr.Api.Services.PlaywrightInstallBackgroundService] Playwright is available (background installer)&#xD;
2025-12-11 16:45:06.071 -05:00 [INF] [Listenarr.Api.Services.TempFileCleanupService] Temp File Cleanup Service is stopping&#xD;
2025-12-11 16:45:06.071 -05:00 [INF] [Listenarr.Api.Services.TempFileCleanupService] Temp File Cleanup Service is stopping&#xD;
2025-12-11 16:45:06.071 -05:00 [INF] [Listenarr.Api.Services.TempFileCleanupService] Temp File Cleanup Service is stopping&#xD;
2025-12-11 16:45:06.071 -05:00 [INF] [Listenarr.Api.Services.ImageCacheCleanupService] Image Cache Cleanup Service is stopping&#xD;
2025-12-11 16:45:06.071 -05:00 [INF] [Listenarr.Api.Services.ImageCacheCleanupService] Image Cache Cleanup Service is stopping&#xD;
2025-12-11 16:45:06.071 -05:00 [INF] [Listenarr.Api.Services.ImageCacheCleanupService] Image Cache Cleanup Service is stopping before first cleanup&#xD;
2025-12-11 16:45:06.072 -05:00 [INF] [Listenarr.Api.Services.ScanBackgroundService] ScanBackgroundService cancellation requested&#xD;
2025-12-11 16:45:06.390 -05:00 [WRN] [Listenarr.Api.Services.AudimetaService] Audimeta API returned status code NotFound for ASIN B000000002&#xD;
2025-12-11 16:45:06.390 -05:00 [WRN] [Listenarr.Api.Services.Search.Strategies.AudimetaStrategy] ? Audimeta returned null for ASIN B000000002&#xD;
2025-12-11 16:45:06.391 -05:00 [INF] [Listenarr.Api.Services.Search.Strategies.AudimetaStrategy] Audimeta returned null for ASIN B000000002 (cache=true); retrying without cache&#xD;
2025-12-11 16:45:06.391 -05:00 [INF] [Listenarr.Api.Services.AudimetaService] Fetching audiobook metadata from audimeta.de: https://audimeta.de/book/B000000002?cache=false&amp;region=us&#xD;
2025-12-11 16:45:06.662 -05:00 [WRN] [Listenarr.Api.Services.AudimetaService] Audimeta API returned status code NotFound for ASIN B0TESTASIN&#xD;
2025-12-11 16:45:06.663 -05:00 [WRN] [Listenarr.Api.Services.Search.Strategies.AudimetaStrategy] ? Audimeta returned null for ASIN B0TESTASIN&#xD;
2025-12-11 16:45:06.663 -05:00 [INF] [Listenarr.Api.Services.Search.Strategies.AudimetaStrategy] Audimeta returned null for ASIN B0TESTASIN (cache=true); retrying without cache&#xD;
2025-12-11 16:45:06.663 -05:00 [INF] [Listenarr.Api.Services.AudimetaService] Fetching audiobook metadata from audimeta.de: https://audimeta.de/book/B0TESTASIN?cache=false&amp;region=us&#xD;
2025-12-11 16:45:06.685 -05:00 [WRN] [Listenarr.Api.Services.AudimetaService] Audimeta API returned status code NotFound for ASIN B000000001&#xD;
2025-12-11 16:45:06.686 -05:00 [WRN] [Listenarr.Api.Services.Search.Strategies.AudimetaStrategy] ? Audimeta returned null for ASIN B000000001&#xD;
2025-12-11 16:45:06.686 -05:00 [INF] [Listenarr.Api.Services.Search.Strategies.AudimetaStrategy] Audimeta returned null for ASIN B000000001 (cache=true); retrying without cache&#xD;
2025-12-11 16:45:06.686 -05:00 [INF] [Listenarr.Api.Services.AudimetaService] Fetching audiobook metadata from audimeta.de: https://audimeta.de/book/B000000001?cache=false&amp;region=us&#xD;
2025-12-11 16:45:06.896 -05:00 [WRN] [Listenarr.Api.Services.AudimetaService] Audimeta API returned status code NotFound for ASIN B000000002&#xD;
2025-12-11 16:45:06.897 -05:00 [WRN] [Listenarr.Api.Services.Search.Strategies.AudimetaStrategy] ? Audimeta returned null on retry for ASIN B000000002&#xD;
2025-12-11 16:45:06.897 -05:00 [INF] [Listenarr.Api.Services.Search.Strategies.MetadataStrategyCoordinator] Attempting to fetch metadata from Audnexus (https://api.audnex.us) for ASIN B000000002&#xD;
2025-12-11 16:45:06.899 -05:00 [INF] [Listenarr.Api.Services.AudnexusService] Fetching audiobook metadata from Audnexus: https://api.audnex.us/books/B000000002?region=us&amp;seedAuthors=1&amp;update=0&#xD;
2025-12-11 16:45:06.995 -05:00 [WRN] [Listenarr.Api.Services.AudimetaService] Audimeta API returned status code NotFound for ASIN B000000001&#xD;
2025-12-11 16:45:06.995 -05:00 [WRN] [Listenarr.Api.Services.Search.Strategies.AudimetaStrategy] ? Audimeta returned null on retry for ASIN B000000001&#xD;
2025-12-11 16:45:06.995 -05:00 [INF] [Listenarr.Api.Services.Search.Strategies.MetadataStrategyCoordinator] Attempting to fetch metadata from Audnexus (https://api.audnex.us) for ASIN B000000001&#xD;
2025-12-11 16:45:06.996 -05:00 [INF] [Listenarr.Api.Services.AudnexusService] Fetching audiobook metadata from Audnexus: https://api.audnex.us/books/B000000001?region=us&amp;seedAuthors=1&amp;update=0&#xD;
2025-12-11 16:45:07.154 -05:00 [WRN] [Listenarr.Api.Services.AudimetaService] Audimeta API returned status code NotFound for ASIN B0TESTASIN&#xD;
2025-12-11 16:45:07.154 -05:00 [WRN] [Listenarr.Api.Services.Search.Strategies.AudimetaStrategy] ? Audimeta returned null on retry for ASIN B0TESTASIN&#xD;
2025-12-11 16:45:07.154 -05:00 [INF] [Listenarr.Api.Services.Search.Strategies.MetadataStrategyCoordinator] Attempting to fetch metadata from Audnexus (https://api.audnex.us) for ASIN B0TESTASIN&#xD;
2025-12-11 16:45:07.154 -05:00 [INF] [Listenarr.Api.Services.AudnexusService] Fetching audiobook metadata from Audnexus: https://api.audnex.us/books/B0TESTASIN?region=us&amp;seedAuthors=1&amp;update=0&#xD;
2025-12-11 16:45:14.242 -05:00 [INF] [Listenarr.Api.Services.DownloadService] Found 5 downloads (including failed)&#xD;
2025-12-11 16:45:14.917 -05:00 [INF] [Listenarr.Api.Services.DownloadService] Found 5 downloads (including failed)&#xD;
2025-12-11 16:45:22.051 -05:00 [WRN] [Listenarr.Api.Services.AudnexusService] Audnexus API returned status code InternalServerError for ASIN B000000002&#xD;
2025-12-11 16:45:22.051 -05:00 [WRN] [Listenarr.Api.Services.Search.Strategies.AudnexusStrategy] ? Audnexus returned null for ASIN B000000002&#xD;
2025-12-11 16:45:22.052 -05:00 [INF] [Listenarr.Api.Services.Search.AsinEnricher] No external metadata sources succeeded for ASIN B000000002 - trying audible metadata scraper&#xD;
2025-12-11 16:45:22.052 -05:00 [INF] [Listenarr.Api.Services.Search.AsinEnricher] Audible metadata scraper returned data for ASIN B000000002 (title: Clean Title)&#xD;
2025-12-11 16:45:22.052 -05:00 [INF] [Listenarr.Api.Services.Search.MetadataConverters] SearchResult for ASIN B000000002: PublishYear='2024', PublishedDate=2024-01-01&#xD;
2025-12-11 16:45:22.052 -05:00 [INF] [Listenarr.Api.Services.Search.AsinEnricher] � Enriched result for ASIN B000000002 - Title: Clean Title, MetadataSource: Audible&#xD;
2025-12-11 16:45:22.328 -05:00 [WRN] [Listenarr.Api.Services.AudnexusService] Audnexus API returned status code InternalServerError for ASIN B0TESTASIN&#xD;
2025-12-11 16:45:22.328 -05:00 [WRN] [Listenarr.Api.Services.AudnexusService] Audnexus API returned status code InternalServerError for ASIN B000000001&#xD;
2025-12-11 16:45:22.328 -05:00 [WRN] [Listenarr.Api.Services.Search.Strategies.AudnexusStrategy] ? Audnexus returned null for ASIN B0TESTASIN&#xD;
2025-12-11 16:45:22.328 -05:00 [WRN] [Listenarr.Api.Services.Search.Strategies.AudnexusStrategy] ? Audnexus returned null for ASIN B000000001&#xD;
2025-12-11 16:45:22.328 -05:00 [INF] [Listenarr.Api.Services.Search.AsinEnricher] No external metadata sources succeeded for ASIN B000000001 - trying audible metadata scraper&#xD;
2025-12-11 16:45:22.328 -05:00 [INF] [Listenarr.Api.Services.Search.AsinEnricher] No external metadata sources succeeded for ASIN B0TESTASIN - trying audible metadata scraper&#xD;
2025-12-11 16:45:22.328 -05:00 [INF] [Listenarr.Api.Services.Search.AsinEnricher] Audible metadata scraper returned data for ASIN B000000001 (title: Clean Title)&#xD;
2025-12-11 16:45:22.328 -05:00 [INF] [Listenarr.Api.Services.Search.AsinEnricher] Audible metadata scraper returned data for ASIN B0TESTASIN (title: Clean Title)&#xD;
2025-12-11 16:45:22.328 -05:00 [INF] [Listenarr.Api.Services.Search.MetadataConverters] SearchResult for ASIN B000000001: PublishYear='2024', PublishedDate=2024-01-01&#xD;
2025-12-11 16:45:22.328 -05:00 [INF] [Listenarr.Api.Services.Search.AsinEnricher] � Enriched result for ASIN B000000001 - Title: Clean Title, MetadataSource: Audible&#xD;
2025-12-11 16:45:22.330 -05:00 [INF] [Listenarr.Api.Services.Search.MetadataMerger] Populating metadata from search result: Duration=null, Series=null, SeriesNumber=null, Language=null, ReleaseDate=null&#xD;
2025-12-11 16:45:22.331 -05:00 [INF] [Listenarr.Api.Services.Search.MetadataMerger] Merging metadata: source.PublishYear=null, target.PublishYear=2024, target.Asin=B0TESTASIN&#xD;
2025-12-11 16:45:22.331 -05:00 [INF] [Listenarr.Api.Services.Search.MetadataMerger] After merge: target.PublishYear=2024, target.Asin=B0TESTASIN&#xD;
2025-12-11 16:45:22.331 -05:00 [INF] [Listenarr.Api.Services.Search.MetadataConverters] SearchResult for ASIN B0TESTASIN: PublishYear='2024', PublishedDate=2024-01-01&#xD;
2025-12-11 16:45:22.331 -05:00 [INF] [Listenarr.Api.Services.Search.AsinEnricher] � Enriched result for ASIN B0TESTASIN - Title: Clean Title, MetadataSource: Audible&#xD;
2025-12-11 16:45:22.338 -05:00 [INF] [Listenarr.Api.Services.SearchService] Dropping ASIN B0TESTASIN (Relaxed containment failed). containmentScore=0, fuzzy=0&#xD;
2025-12-11 16:45:22.338 -05:00 [INF] [Listenarr.Api.Services.SearchService] Dropping ASIN B000000002 (Relaxed containment failed). containmentScore=0, fuzzy=0&#xD;
2025-12-11 16:45:22.339 -05:00 [INF] [Listenarr.Api.Services.SearchService] Final ASIN dispositions for query 'TITLE:Ingram': B000000001:accepted, B000000002:containment_failed_relaxed, B0TESTASIN:containment_failed_relaxed&#xD;
2025-12-11 16:45:22.340 -05:00 [INF] [Listenarr.Api.Services.SearchService] Final results dump for query TITLE:Ingram: Clean Title :: Audible :: b5c621cc-da08-4bff-b824-7be1b692dcd2&#xD;
2025-12-11 16:45:22.340 -05:00 [INF] [Listenarr.Api.Services.SearchService] Intelligent search complete. Returning 1 filtered and sorted results for query: TITLE:Ingram&#xD;
2025-12-11 16:45:22.340 -05:00 [INF] [Listenarr.Api.Controllers.SearchController] IntelligentSearch returning 1 results for query: TITLE:Ingram&#xD;
2025-12-11 16:45:22.354 -05:00 [INF] [Listenarr.Api.Services.DownloadProcessingBackgroundService] Download Processing Background Service stopped&#xD;
2025-12-11 16:45:22.354 -05:00 [INF] [Listenarr.Api.Services.QueueMonitorService] Queue Monitor Service stopping&#xD;
2025-12-11 16:45:22.354 -05:00 [INF] [Listenarr.Api.Services.TempFileCleanupService] Temp File Cleanup Service is stopping&#xD;
2025-12-11 16:45:22.354 -05:00 [INF] [Listenarr.Api.Services.TempFileCleanupService] Temp File Cleanup Service is stopping&#xD;
2025-12-11 16:45:22.358 -05:00 [INF] [Listenarr.Api.Services.TempFileCleanupService] Temp File Cleanup Service is stopping&#xD;
2025-12-11 16:45:22.358 -05:00 [INF] [Listenarr.Api.Services.ImageCacheCleanupService] Image Cache Cleanup Service is stopping&#xD;
2025-12-11 16:45:22.358 -05:00 [INF] [Listenarr.Api.Services.ImageCacheCleanupService] Image Cache Cleanup Service is stopping&#xD;
2025-12-11 16:45:22.358 -05:00 [INF] [Listenarr.Api.Services.ImageCacheCleanupService] Image Cache Cleanup Service is stopping before first cleanup&#xD;
2025-12-11 16:45:22.359 -05:00 [INF] [Listenarr.Api.Services.ScanBackgroundService] ScanBackgroundService cancellation requested&#xD;
2025-12-11 16:45:22.360 -05:00 [INF] [Listenarr.Api.Services.DownloadProcessingBackgroundService] Download Processing Background Service stopped&#xD;
2025-12-11 16:45:22.360 -05:00 [INF] [Listenarr.Api.Services.QueueMonitorService] Queue Monitor Service stopping&#xD;
2025-12-11 16:45:22.360 -05:00 [INF] [Listenarr.Api.Services.TempFileCleanupService] Temp File Cleanup Service is stopping&#xD;
2025-12-11 16:45:22.360 -05:00 [INF] [Listenarr.Api.Services.TempFileCleanupService] Temp File Cleanup Service is stopping&#xD;
2025-12-11 16:45:22.360 -05:00 [INF] [Listenarr.Api.Services.TempFileCleanupService] Temp File Cleanup Service is stopping&#xD;
2025-12-11 16:45:22.360 -05:00 [INF] [Listenarr.Api.Services.ImageCacheCleanupService] Image Cache Cleanup Service is stopping&#xD;
2025-12-11 16:45:22.360 -05:00 [INF] [Listenarr.Api.Services.ImageCacheCleanupService] Image Cache Cleanup Service is stopping&#xD;
2025-12-11 16:45:22.360 -05:00 [INF] [Listenarr.Api.Services.ImageCacheCleanupService] Image Cache Cleanup Service is stopping before first cleanup&#xD;
2025-12-11 16:45:22.361 -05:00 [INF] [Listenarr.Api.Services.ScanBackgroundService] ScanBackgroundService cancellation requested&#xD;
[xUnit.net 00:00:19.83]   Finished:    Listenarr.Api.Tests&#xD;
</StdOut>
    </Output>
  </ResultSummary>
</TestRun>