<?xml version="1.0" encoding="utf-8"?>
<TestRun id="81693ecf-faff-41a0-876b-1b8c9961318d" name="Robbie@DESKTOP-GN1K3QQ 2025-10-11 18:19:05" runUser="DESKTOP-GN1K3QQ\Robbie" xmlns="http://microsoft.com/schemas/VisualStudio/TeamTest/2010">
  <Times creation="2025-10-11T18:19:05.6316135-04:00" queuing="2025-10-11T18:19:05.6316137-04:00" start="2025-10-11T18:19:03.7705704-04:00" finish="2025-10-11T18:19:07.2513866-04:00" />
  <TestSettings name="default" id="0ef4ad74-e855-4f2b-9bf0-1ebe76a50692">
    <Deployment runDeploymentRoot="Robbie_DESKTOP-GN1K3QQ_2025-10-11_18_19_05" />
  </TestSettings>
  <Results>
    <UnitTestResult executionId="a9ef1a39-bb4a-4a42-ab6c-606be2b71c27" testId="36e766b6-7d98-9251-6e3c-57b618c61c1c" testName="Listenarr.Api.Tests.ParseLanguageTests.ParseLanguageFromText_RecognizesCodes(input: &quot;Book Title FR&quot;, expected: &quot;French&quot;)" computerName="DESKTOP-GN1K3QQ" duration="00:00:00.0000174" startTime="2025-10-11T18:19:05.5988783-04:00" endTime="2025-10-11T18:19:05.5988784-04:00" testType="13cdc9d9-ddb5-4fa4-a97d-d965ccfc6d4b" outcome="Passed" testListId="8c84fa94-04c1-424b-9868-57a2d4851a1d" relativeResultsDirectory="a9ef1a39-bb4a-4a42-ab6c-606be2b71c27" />
    <UnitTestResult executionId="cd749319-6207-4a9a-994a-82729c855f0b" testId="1f7b9da8-f76b-de99-90c5-1bffbb647ed0" testName="Listenarr.Api.Tests.AudioFileServiceTests.EnsureAudiobookFileAsync_CreatesFileRecord_HappyPath" computerName="DESKTOP-GN1K3QQ" duration="00:00:00.1104788" startTime="2025-10-11T18:19:06.6501508-04:00" endTime="2025-10-11T18:19:06.6501511-04:00" testType="13cdc9d9-ddb5-4fa4-a97d-d965ccfc6d4b" outcome="Passed" testListId="8c84fa94-04c1-424b-9868-57a2d4851a1d" relativeResultsDirectory="cd749319-6207-4a9a-994a-82729c855f0b" />
    <UnitTestResult executionId="c6384095-6153-480c-839e-24c5858a65a3" testId="f9d4fced-415c-3d46-80ce-c33950fae78e" testName="Listenarr.Api.Tests.QualityProfileScoringTests.MissingQuality_ShouldBePenalized" computerName="DESKTOP-GN1K3QQ" duration="00:00:00.0057512" startTime="2025-10-11T18:19:05.5955493-04:00" endTime="2025-10-11T18:19:05.5955494-04:00" testType="13cdc9d9-ddb5-4fa4-a97d-d965ccfc6d4b" outcome="Passed" testListId="8c84fa94-04c1-424b-9868-57a2d4851a1d" relativeResultsDirectory="c6384095-6153-480c-839e-24c5858a65a3" />
    <UnitTestResult executionId="776c581b-86d2-4ef4-898d-3449de496236" testId="8f46bfcb-696c-54ac-5ed8-289f2bbfb76a" testName="Listenarr.Api.Tests.DownloadProcessingTests.ProcessCompletedDownload_CreatesAudiobookFileAndBroadcasts" computerName="DESKTOP-GN1K3QQ" duration="00:00:01.2481810" startTime="2025-10-11T18:19:06.7715728-04:00" endTime="2025-10-11T18:19:06.7715731-04:00" testType="13cdc9d9-ddb5-4fa4-a97d-d965ccfc6d4b" outcome="Passed" testListId="8c84fa94-04c1-424b-9868-57a2d4851a1d" relativeResultsDirectory="776c581b-86d2-4ef4-898d-3449de496236" />
    <UnitTestResult executionId="8b24a695-56ce-4193-a4a7-c2487ec8c413" testId="f29a3f81-95b3-4e73-5e37-6a6f61cb5543" testName="Listenarr.Api.Tests.AuthenticationMiddlewareTests.AllowAnonymousEndpoint_IsAccessible_WhenAuthRequired" computerName="DESKTOP-GN1K3QQ" duration="00:00:01.4206696" startTime="2025-10-11T18:19:06.9440147-04:00" endTime="2025-10-11T18:19:06.9440152-04:00" testType="13cdc9d9-ddb5-4fa4-a97d-d965ccfc6d4b" outcome="Passed" testListId="8c84fa94-04c1-424b-9868-57a2d4851a1d" relativeResultsDirectory="8b24a695-56ce-4193-a4a7-c2487ec8c413" />
    <UnitTestResult executionId="3ca591cf-3330-4e11-9845-b6a5b8d4bff8" testId="e242989b-64c3-3464-e2d8-32c6adcd0759" testName="Listenarr.Api.Tests.AuthenticationMiddlewareTests.ProtectedEndpoint_Returns401_WhenUnauthenticated_AndAuthRequired" computerName="DESKTOP-GN1K3QQ" duration="00:00:00.1930907" startTime="2025-10-11T18:19:07.1372947-04:00" endTime="2025-10-11T18:19:07.1372952-04:00" testType="13cdc9d9-ddb5-4fa4-a97d-d965ccfc6d4b" outcome="Passed" testListId="8c84fa94-04c1-424b-9868-57a2d4851a1d" relativeResultsDirectory="3ca591cf-3330-4e11-9845-b6a5b8d4bff8" />
    <UnitTestResult executionId="5b9fcc53-6c82-4b45-bc4c-24a72ea83f06" testId="5ad46b5c-b19a-1c1f-0a45-080b41fb39b0" testName="Listenarr.Api.Tests.ParseLanguageTests.ParseLanguageFromText_RecognizesCodes(input: &quot;[DUT] Title&quot;, expected: &quot;Dutch&quot;)" computerName="DESKTOP-GN1K3QQ" duration="00:00:00.0006765" startTime="2025-10-11T18:19:05.5959671-04:00" endTime="2025-10-11T18:19:05.5959671-04:00" testType="13cdc9d9-ddb5-4fa4-a97d-d965ccfc6d4b" outcome="Passed" testListId="8c84fa94-04c1-424b-9868-57a2d4851a1d" relativeResultsDirectory="5b9fcc53-6c82-4b45-bc4c-24a72ea83f06" />
    <UnitTestResult executionId="13163383-753d-441c-af12-6f7922fe1d15" testId="3227f5c8-f480-1e59-31da-b3b6c9c29f8d" testName="Listenarr.Api.Tests.ParseLanguageTests.ParseLanguageFromText_RecognizesCodes(input: &quot;Some Title (EN)&quot;, expected: &quot;English&quot;)" computerName="DESKTOP-GN1K3QQ" duration="00:00:00.0000304" startTime="2025-10-11T18:19:05.5960216-04:00" endTime="2025-10-11T18:19:05.5960216-04:00" testType="13cdc9d9-ddb5-4fa4-a97d-d965ccfc6d4b" outcome="Passed" testListId="8c84fa94-04c1-424b-9868-57a2d4851a1d" relativeResultsDirectory="13163383-753d-441c-af12-6f7922fe1d15" />
    <UnitTestResult executionId="6b956597-7e1a-4e85-b030-8fe1a68f0e9e" testId="d94625d8-3713-ad7b-4d09-8421d78340ba" testName="Listenarr.Api.Tests.ParseLanguageTests.ParseLanguageFromText_RecognizesCodes(input: &quot;No language here&quot;, expected: null)" computerName="DESKTOP-GN1K3QQ" duration="00:00:00.0068921" startTime="2025-10-11T18:19:05.5960673-04:00" endTime="2025-10-11T18:19:05.5960674-04:00" testType="13cdc9d9-ddb5-4fa4-a97d-d965ccfc6d4b" outcome="Passed" testListId="8c84fa94-04c1-424b-9868-57a2d4851a1d" relativeResultsDirectory="6b956597-7e1a-4e85-b030-8fe1a68f0e9e" />
    <UnitTestResult executionId="7d5740e6-8f29-41f9-b773-9a9264f9501c" testId="28e0b528-da02-8226-e980-3bb1b6a33d55" testName="Listenarr.Api.Tests.ParseLanguageTests.ParseLanguageFromText_RecognizesCodes(input: &quot;[FRE] Bar&quot;, expected: &quot;French&quot;)" computerName="DESKTOP-GN1K3QQ" duration="00:00:00.0000714" startTime="2025-10-11T18:19:05.5961197-04:00" endTime="2025-10-11T18:19:05.5961197-04:00" testType="13cdc9d9-ddb5-4fa4-a97d-d965ccfc6d4b" outcome="Passed" testListId="8c84fa94-04c1-424b-9868-57a2d4851a1d" relativeResultsDirectory="7d5740e6-8f29-41f9-b773-9a9264f9501c" />
    <UnitTestResult executionId="be9044dd-e5d7-44b8-b754-1b9046e23956" testId="3ed5d020-327e-4fdc-e2fe-1baf156c53de" testName="Listenarr.Api.Tests.ParseLanguageTests.ParseLanguageFromText_RecognizesCodes(input: &quot;Some Title EN&quot;, expected: &quot;English&quot;)" computerName="DESKTOP-GN1K3QQ" duration="00:00:00.0000201" startTime="2025-10-11T18:19:05.5987861-04:00" endTime="2025-10-11T18:19:05.5987861-04:00" testType="13cdc9d9-ddb5-4fa4-a97d-d965ccfc6d4b" outcome="Passed" testListId="8c84fa94-04c1-424b-9868-57a2d4851a1d" relativeResultsDirectory="be9044dd-e5d7-44b8-b754-1b9046e23956" />
    <UnitTestResult executionId="d60e39f0-a335-43c3-81ee-80c64a42e89b" testId="e734e2c5-b5f3-cd39-4483-8efe2759d5bc" testName="Listenarr.Api.Tests.ParseLanguageTests.ParseLanguageFromText_RecognizesCodes(input: &quot;[GER / MP3] Foo&quot;, expected: &quot;German&quot;)" computerName="DESKTOP-GN1K3QQ" duration="00:00:00.0000141" startTime="2025-10-11T18:19:05.5961637-04:00" endTime="2025-10-11T18:19:05.5961638-04:00" testType="13cdc9d9-ddb5-4fa4-a97d-d965ccfc6d4b" outcome="Passed" testListId="8c84fa94-04c1-424b-9868-57a2d4851a1d" relativeResultsDirectory="d60e39f0-a335-43c3-81ee-80c64a42e89b" />
    <UnitTestResult executionId="93c384ac-936e-4247-bc9e-77331d585a05" testId="f4637a9f-60ce-4f95-adac-ff796ba8d9a6" testName="Listenarr.Api.Tests.QualityScoringTests.GetQualityScore_VariousTokens_ReturnsExpected" computerName="DESKTOP-GN1K3QQ" duration="00:00:00.0010188" startTime="2025-10-11T18:19:06.6111479-04:00" endTime="2025-10-11T18:19:06.6111483-04:00" testType="13cdc9d9-ddb5-4fa4-a97d-d965ccfc6d4b" outcome="Passed" testListId="8c84fa94-04c1-424b-9868-57a2d4851a1d" relativeResultsDirectory="93c384ac-936e-4247-bc9e-77331d585a05" />
    <UnitTestResult executionId="dd9f4a8d-e1a8-4e3d-b611-8eda7f1e0479" testId="485ca6e5-988c-abe6-925a-3c2342235ae8" testName="Listenarr.Api.Tests.QualityScoringTests.ScoreSearchResult_AppliesPenaltiesAndQualityScore" computerName="DESKTOP-GN1K3QQ" duration="00:00:01.0866480" startTime="2025-10-11T18:19:06.6100805-04:00" endTime="2025-10-11T18:19:06.6100810-04:00" testType="13cdc9d9-ddb5-4fa4-a97d-d965ccfc6d4b" outcome="Passed" testListId="8c84fa94-04c1-424b-9868-57a2d4851a1d" relativeResultsDirectory="dd9f4a8d-e1a8-4e3d-b611-8eda7f1e0479" />
    <UnitTestResult executionId="3e835fd6-0d1b-4686-b757-2c46068b2c77" testId="cdb07a7c-a190-7fd7-3264-199d51ff3200" testName="Listenarr.Api.Tests.ParseLanguageTests.ParseLanguageFromText_RecognizesCodes(input: &quot;Title - NL&quot;, expected: &quot;Dutch&quot;)" computerName="DESKTOP-GN1K3QQ" duration="00:00:00.0000121" startTime="2025-10-11T18:19:05.5962088-04:00" endTime="2025-10-11T18:19:05.5962089-04:00" testType="13cdc9d9-ddb5-4fa4-a97d-d965ccfc6d4b" outcome="Passed" testListId="8c84fa94-04c1-424b-9868-57a2d4851a1d" relativeResultsDirectory="3e835fd6-0d1b-4686-b757-2c46068b2c77" />
    <UnitTestResult executionId="8eb7f4d0-0329-4326-837d-68e43211918f" testId="7fa842dc-ec16-d426-851c-5b3a3b63f1f0" testName="Listenarr.Api.Tests.LoginRateLimiterTests.RecordsFailuresAndBlocks" computerName="DESKTOP-GN1K3QQ" duration="00:00:00.0146229" startTime="2025-10-11T18:19:05.5447434-04:00" endTime="2025-10-11T18:19:05.5447949-04:00" testType="13cdc9d9-ddb5-4fa4-a97d-d965ccfc6d4b" outcome="Passed" testListId="8c84fa94-04c1-424b-9868-57a2d4851a1d" relativeResultsDirectory="8eb7f4d0-0329-4326-837d-68e43211918f" />
    <UnitTestResult executionId="bab11add-d216-4f0d-8cf5-87d25c2cae5b" testId="38fb669c-0c05-c42a-dd5b-193fb0ee5b99" testName="Listenarr.Api.Tests.MetadataIntegrationTests.EnsureAudiobookFileAsync_PersistsMetadataFromMetadataService" computerName="DESKTOP-GN1K3QQ" duration="00:00:01.1253216" startTime="2025-10-11T18:19:06.6501793-04:00" endTime="2025-10-11T18:19:06.6501793-04:00" testType="13cdc9d9-ddb5-4fa4-a97d-d965ccfc6d4b" outcome="Passed" testListId="8c84fa94-04c1-424b-9868-57a2d4851a1d" relativeResultsDirectory="bab11add-d216-4f0d-8cf5-87d25c2cae5b" />
    <UnitTestResult executionId="f0083b99-25b4-4316-a4b1-c40288efc0b5" testId="184d69cc-d875-f860-4354-fbb4273d0926" testName="Listenarr.Api.Tests.ParseLanguageTests.ParseLanguageFromText_RecognizesCodes(input: &quot;Title (DE)&quot;, expected: &quot;German&quot;)" computerName="DESKTOP-GN1K3QQ" duration="00:00:00.0000222" startTime="2025-10-11T18:19:05.5988400-04:00" endTime="2025-10-11T18:19:05.5988401-04:00" testType="13cdc9d9-ddb5-4fa4-a97d-d965ccfc6d4b" outcome="Passed" testListId="8c84fa94-04c1-424b-9868-57a2d4851a1d" relativeResultsDirectory="f0083b99-25b4-4316-a4b1-c40288efc0b5" />
    <UnitTestResult executionId="12679fb6-42e1-4faa-8a88-73e3d79314fb" testId="c6136ea6-7d31-0796-845d-af94ef145b6a" testName="Listenarr.Api.Tests.QualityProfileScoringTests.LanguageMismatch_ShouldBePenalized" computerName="DESKTOP-GN1K3QQ" duration="00:00:00.0012007" startTime="2025-10-11T18:19:05.5958610-04:00" endTime="2025-10-11T18:19:05.5958611-04:00" testType="13cdc9d9-ddb5-4fa4-a97d-d965ccfc6d4b" outcome="Passed" testListId="8c84fa94-04c1-424b-9868-57a2d4851a1d" relativeResultsDirectory="12679fb6-42e1-4faa-8a88-73e3d79314fb" />
    <UnitTestResult executionId="52329709-d859-40bc-b2da-7c4e1dbe72b3" testId="f66ade6b-5b0f-f448-c5af-00fd7f5546e3" testName="Listenarr.Api.Tests.AudioFileServiceTests.EnsureAudiobookFileAsync_HandlesUniqueConstraintViolation_ReturnsFalse" computerName="DESKTOP-GN1K3QQ" duration="00:00:01.0126810" startTime="2025-10-11T18:19:06.5360337-04:00" endTime="2025-10-11T18:19:06.5360342-04:00" testType="13cdc9d9-ddb5-4fa4-a97d-d965ccfc6d4b" outcome="Passed" testListId="8c84fa94-04c1-424b-9868-57a2d4851a1d" relativeResultsDirectory="52329709-d859-40bc-b2da-7c4e1dbe72b3" />
    <UnitTestResult executionId="1ed46c4f-442e-420f-ae9d-908876dfe403" testId="a1ccc234-f6f8-4cb1-ef83-1b763b866b4f" testName="Listenarr.Api.Tests.QualityProfileScoringTests.ForbiddenWord_ShouldReject" computerName="DESKTOP-GN1K3QQ" duration="00:00:00.0010358" startTime="2025-10-11T18:19:05.5526246-04:00" endTime="2025-10-11T18:19:05.5526247-04:00" testType="13cdc9d9-ddb5-4fa4-a97d-d965ccfc6d4b" outcome="Passed" testListId="8c84fa94-04c1-424b-9868-57a2d4851a1d" relativeResultsDirectory="1ed46c4f-442e-420f-ae9d-908876dfe403" />
    <UnitTestResult executionId="f899aacf-0324-4a89-aeff-5e7d22cbf71b" testId="3fa9c2aa-6b67-2527-d5a8-89d6ef50772d" testName="Listenarr.Api.Tests.QualityProfileScoringTests.PerfectMatch_ShouldBeHighScore" computerName="DESKTOP-GN1K3QQ" duration="00:00:00.0176177" startTime="2025-10-11T18:19:05.5496684-04:00" endTime="2025-10-11T18:19:05.5496685-04:00" testType="13cdc9d9-ddb5-4fa4-a97d-d965ccfc6d4b" outcome="Passed" testListId="8c84fa94-04c1-424b-9868-57a2d4851a1d" relativeResultsDirectory="f899aacf-0324-4a89-aeff-5e7d22cbf71b" />
    <UnitTestResult executionId="4e389ed7-fa3b-4103-b24c-f1aa16eb4f81" testId="fe6c124b-82b8-c745-96f1-70c121117f16" testName="Listenarr.Api.Tests.ParseLanguageTests.ParseLanguageFromText_RecognizesCodes(input: &quot;[ENG / M4B] Some Title&quot;, expected: &quot;English&quot;)" computerName="DESKTOP-GN1K3QQ" duration="00:00:00.0409116" startTime="2025-10-11T18:19:05.5959081-04:00" endTime="2025-10-11T18:19:05.5959081-04:00" testType="13cdc9d9-ddb5-4fa4-a97d-d965ccfc6d4b" outcome="Passed" testListId="8c84fa94-04c1-424b-9868-57a2d4851a1d" relativeResultsDirectory="4e389ed7-fa3b-4103-b24c-f1aa16eb4f81" />
  </Results>
  <TestDefinitions>
    <UnitTest name="Listenarr.Api.Tests.ParseLanguageTests.ParseLanguageFromText_RecognizesCodes(input: &quot;[DUT] Title&quot;, expected: &quot;Dutch&quot;)" storage="c:\users\robbie\documents\github\listenarr\tests\listenarr.api.tests\bin\debug\net7.0\listenarr.api.tests.dll" id="5ad46b5c-b19a-1c1f-0a45-080b41fb39b0">
      <Execution id="5b9fcc53-6c82-4b45-bc4c-24a72ea83f06" />
      <TestMethod codeBase="c:\Users\Robbie\Documents\GitHub\listenarr\tests\Listenarr.Api.Tests\bin\Debug\net7.0\Listenarr.Api.Tests.dll" adapterTypeName="executor://xunit/VsTestRunner2/netcoreapp" className="Listenarr.Api.Tests.ParseLanguageTests" name="ParseLanguageFromText_RecognizesCodes" />
    </UnitTest>
    <UnitTest name="Listenarr.Api.Tests.QualityScoringTests.GetQualityScore_VariousTokens_ReturnsExpected" storage="c:\users\robbie\documents\github\listenarr\tests\listenarr.api.tests\bin\debug\net7.0\listenarr.api.tests.dll" id="f4637a9f-60ce-4f95-adac-ff796ba8d9a6">
      <Execution id="93c384ac-936e-4247-bc9e-77331d585a05" />
      <TestMethod codeBase="c:\Users\Robbie\Documents\GitHub\listenarr\tests\Listenarr.Api.Tests\bin\Debug\net7.0\Listenarr.Api.Tests.dll" adapterTypeName="executor://xunit/VsTestRunner2/netcoreapp" className="Listenarr.Api.Tests.QualityScoringTests" name="GetQualityScore_VariousTokens_ReturnsExpected" />
    </UnitTest>
    <UnitTest name="Listenarr.Api.Tests.ParseLanguageTests.ParseLanguageFromText_RecognizesCodes(input: &quot;[ENG / M4B] Some Title&quot;, expected: &quot;English&quot;)" storage="c:\users\robbie\documents\github\listenarr\tests\listenarr.api.tests\bin\debug\net7.0\listenarr.api.tests.dll" id="fe6c124b-82b8-c745-96f1-70c121117f16">
      <Execution id="4e389ed7-fa3b-4103-b24c-f1aa16eb4f81" />
      <TestMethod codeBase="c:\Users\Robbie\Documents\GitHub\listenarr\tests\Listenarr.Api.Tests\bin\Debug\net7.0\Listenarr.Api.Tests.dll" adapterTypeName="executor://xunit/VsTestRunner2/netcoreapp" className="Listenarr.Api.Tests.ParseLanguageTests" name="ParseLanguageFromText_RecognizesCodes" />
    </UnitTest>
    <UnitTest name="Listenarr.Api.Tests.ParseLanguageTests.ParseLanguageFromText_RecognizesCodes(input: &quot;Some Title EN&quot;, expected: &quot;English&quot;)" storage="c:\users\robbie\documents\github\listenarr\tests\listenarr.api.tests\bin\debug\net7.0\listenarr.api.tests.dll" id="3ed5d020-327e-4fdc-e2fe-1baf156c53de">
      <Execution id="be9044dd-e5d7-44b8-b754-1b9046e23956" />
      <TestMethod codeBase="c:\Users\Robbie\Documents\GitHub\listenarr\tests\Listenarr.Api.Tests\bin\Debug\net7.0\Listenarr.Api.Tests.dll" adapterTypeName="executor://xunit/VsTestRunner2/netcoreapp" className="Listenarr.Api.Tests.ParseLanguageTests" name="ParseLanguageFromText_RecognizesCodes" />
    </UnitTest>
    <UnitTest name="Listenarr.Api.Tests.ParseLanguageTests.ParseLanguageFromText_RecognizesCodes(input: &quot;[GER / MP3] Foo&quot;, expected: &quot;German&quot;)" storage="c:\users\robbie\documents\github\listenarr\tests\listenarr.api.tests\bin\debug\net7.0\listenarr.api.tests.dll" id="e734e2c5-b5f3-cd39-4483-8efe2759d5bc">
      <Execution id="d60e39f0-a335-43c3-81ee-80c64a42e89b" />
      <TestMethod codeBase="c:\Users\Robbie\Documents\GitHub\listenarr\tests\Listenarr.Api.Tests\bin\Debug\net7.0\Listenarr.Api.Tests.dll" adapterTypeName="executor://xunit/VsTestRunner2/netcoreapp" className="Listenarr.Api.Tests.ParseLanguageTests" name="ParseLanguageFromText_RecognizesCodes" />
    </UnitTest>
    <UnitTest name="Listenarr.Api.Tests.LoginRateLimiterTests.RecordsFailuresAndBlocks" storage="c:\users\robbie\documents\github\listenarr\tests\listenarr.api.tests\bin\debug\net7.0\listenarr.api.tests.dll" id="7fa842dc-ec16-d426-851c-5b3a3b63f1f0">
      <Execution id="8eb7f4d0-0329-4326-837d-68e43211918f" />
      <TestMethod codeBase="c:\Users\Robbie\Documents\GitHub\listenarr\tests\Listenarr.Api.Tests\bin\Debug\net7.0\Listenarr.Api.Tests.dll" adapterTypeName="executor://xunit/VsTestRunner2/netcoreapp" className="Listenarr.Api.Tests.LoginRateLimiterTests" name="RecordsFailuresAndBlocks" />
    </UnitTest>
    <UnitTest name="Listenarr.Api.Tests.QualityProfileScoringTests.LanguageMismatch_ShouldBePenalized" storage="c:\users\robbie\documents\github\listenarr\tests\listenarr.api.tests\bin\debug\net7.0\listenarr.api.tests.dll" id="c6136ea6-7d31-0796-845d-af94ef145b6a">
      <Execution id="12679fb6-42e1-4faa-8a88-73e3d79314fb" />
      <TestMethod codeBase="c:\Users\Robbie\Documents\GitHub\listenarr\tests\Listenarr.Api.Tests\bin\Debug\net7.0\Listenarr.Api.Tests.dll" adapterTypeName="executor://xunit/VsTestRunner2/netcoreapp" className="Listenarr.Api.Tests.QualityProfileScoringTests" name="LanguageMismatch_ShouldBePenalized" />
    </UnitTest>
    <UnitTest name="Listenarr.Api.Tests.ParseLanguageTests.ParseLanguageFromText_RecognizesCodes(input: &quot;No language here&quot;, expected: null)" storage="c:\users\robbie\documents\github\listenarr\tests\listenarr.api.tests\bin\debug\net7.0\listenarr.api.tests.dll" id="d94625d8-3713-ad7b-4d09-8421d78340ba">
      <Execution id="6b956597-7e1a-4e85-b030-8fe1a68f0e9e" />
      <TestMethod codeBase="c:\Users\Robbie\Documents\GitHub\listenarr\tests\Listenarr.Api.Tests\bin\Debug\net7.0\Listenarr.Api.Tests.dll" adapterTypeName="executor://xunit/VsTestRunner2/netcoreapp" className="Listenarr.Api.Tests.ParseLanguageTests" name="ParseLanguageFromText_RecognizesCodes" />
    </UnitTest>
    <UnitTest name="Listenarr.Api.Tests.ParseLanguageTests.ParseLanguageFromText_RecognizesCodes(input: &quot;Book Title FR&quot;, expected: &quot;French&quot;)" storage="c:\users\robbie\documents\github\listenarr\tests\listenarr.api.tests\bin\debug\net7.0\listenarr.api.tests.dll" id="36e766b6-7d98-9251-6e3c-57b618c61c1c">
      <Execution id="a9ef1a39-bb4a-4a42-ab6c-606be2b71c27" />
      <TestMethod codeBase="c:\Users\Robbie\Documents\GitHub\listenarr\tests\Listenarr.Api.Tests\bin\Debug\net7.0\Listenarr.Api.Tests.dll" adapterTypeName="executor://xunit/VsTestRunner2/netcoreapp" className="Listenarr.Api.Tests.ParseLanguageTests" name="ParseLanguageFromText_RecognizesCodes" />
    </UnitTest>
    <UnitTest name="Listenarr.Api.Tests.AudioFileServiceTests.EnsureAudiobookFileAsync_HandlesUniqueConstraintViolation_ReturnsFalse" storage="c:\users\robbie\documents\github\listenarr\tests\listenarr.api.tests\bin\debug\net7.0\listenarr.api.tests.dll" id="f66ade6b-5b0f-f448-c5af-00fd7f5546e3">
      <Execution id="52329709-d859-40bc-b2da-7c4e1dbe72b3" />
      <TestMethod codeBase="c:\Users\Robbie\Documents\GitHub\listenarr\tests\Listenarr.Api.Tests\bin\Debug\net7.0\Listenarr.Api.Tests.dll" adapterTypeName="executor://xunit/VsTestRunner2/netcoreapp" className="Listenarr.Api.Tests.AudioFileServiceTests" name="EnsureAudiobookFileAsync_HandlesUniqueConstraintViolation_ReturnsFalse" />
    </UnitTest>
    <UnitTest name="Listenarr.Api.Tests.ParseLanguageTests.ParseLanguageFromText_RecognizesCodes(input: &quot;[FRE] Bar&quot;, expected: &quot;French&quot;)" storage="c:\users\robbie\documents\github\listenarr\tests\listenarr.api.tests\bin\debug\net7.0\listenarr.api.tests.dll" id="28e0b528-da02-8226-e980-3bb1b6a33d55">
      <Execution id="7d5740e6-8f29-41f9-b773-9a9264f9501c" />
      <TestMethod codeBase="c:\Users\Robbie\Documents\GitHub\listenarr\tests\Listenarr.Api.Tests\bin\Debug\net7.0\Listenarr.Api.Tests.dll" adapterTypeName="executor://xunit/VsTestRunner2/netcoreapp" className="Listenarr.Api.Tests.ParseLanguageTests" name="ParseLanguageFromText_RecognizesCodes" />
    </UnitTest>
    <UnitTest name="Listenarr.Api.Tests.QualityScoringTests.ScoreSearchResult_AppliesPenaltiesAndQualityScore" storage="c:\users\robbie\documents\github\listenarr\tests\listenarr.api.tests\bin\debug\net7.0\listenarr.api.tests.dll" id="485ca6e5-988c-abe6-925a-3c2342235ae8">
      <Execution id="dd9f4a8d-e1a8-4e3d-b611-8eda7f1e0479" />
      <TestMethod codeBase="c:\Users\Robbie\Documents\GitHub\listenarr\tests\Listenarr.Api.Tests\bin\Debug\net7.0\Listenarr.Api.Tests.dll" adapterTypeName="executor://xunit/VsTestRunner2/netcoreapp" className="Listenarr.Api.Tests.QualityScoringTests" name="ScoreSearchResult_AppliesPenaltiesAndQualityScore" />
    </UnitTest>
    <UnitTest name="Listenarr.Api.Tests.ParseLanguageTests.ParseLanguageFromText_RecognizesCodes(input: &quot;Title - NL&quot;, expected: &quot;Dutch&quot;)" storage="c:\users\robbie\documents\github\listenarr\tests\listenarr.api.tests\bin\debug\net7.0\listenarr.api.tests.dll" id="cdb07a7c-a190-7fd7-3264-199d51ff3200">
      <Execution id="3e835fd6-0d1b-4686-b757-2c46068b2c77" />
      <TestMethod codeBase="c:\Users\Robbie\Documents\GitHub\listenarr\tests\Listenarr.Api.Tests\bin\Debug\net7.0\Listenarr.Api.Tests.dll" adapterTypeName="executor://xunit/VsTestRunner2/netcoreapp" className="Listenarr.Api.Tests.ParseLanguageTests" name="ParseLanguageFromText_RecognizesCodes" />
    </UnitTest>
    <UnitTest name="Listenarr.Api.Tests.QualityProfileScoringTests.MissingQuality_ShouldBePenalized" storage="c:\users\robbie\documents\github\listenarr\tests\listenarr.api.tests\bin\debug\net7.0\listenarr.api.tests.dll" id="f9d4fced-415c-3d46-80ce-c33950fae78e">
      <Execution id="c6384095-6153-480c-839e-24c5858a65a3" />
      <TestMethod codeBase="c:\Users\Robbie\Documents\GitHub\listenarr\tests\Listenarr.Api.Tests\bin\Debug\net7.0\Listenarr.Api.Tests.dll" adapterTypeName="executor://xunit/VsTestRunner2/netcoreapp" className="Listenarr.Api.Tests.QualityProfileScoringTests" name="MissingQuality_ShouldBePenalized" />
    </UnitTest>
    <UnitTest name="Listenarr.Api.Tests.ParseLanguageTests.ParseLanguageFromText_RecognizesCodes(input: &quot;Title (DE)&quot;, expected: &quot;German&quot;)" storage="c:\users\robbie\documents\github\listenarr\tests\listenarr.api.tests\bin\debug\net7.0\listenarr.api.tests.dll" id="184d69cc-d875-f860-4354-fbb4273d0926">
      <Execution id="f0083b99-25b4-4316-a4b1-c40288efc0b5" />
      <TestMethod codeBase="c:\Users\Robbie\Documents\GitHub\listenarr\tests\Listenarr.Api.Tests\bin\Debug\net7.0\Listenarr.Api.Tests.dll" adapterTypeName="executor://xunit/VsTestRunner2/netcoreapp" className="Listenarr.Api.Tests.ParseLanguageTests" name="ParseLanguageFromText_RecognizesCodes" />
    </UnitTest>
    <UnitTest name="Listenarr.Api.Tests.QualityProfileScoringTests.ForbiddenWord_ShouldReject" storage="c:\users\robbie\documents\github\listenarr\tests\listenarr.api.tests\bin\debug\net7.0\listenarr.api.tests.dll" id="a1ccc234-f6f8-4cb1-ef83-1b763b866b4f">
      <Execution id="1ed46c4f-442e-420f-ae9d-908876dfe403" />
      <TestMethod codeBase="c:\Users\Robbie\Documents\GitHub\listenarr\tests\Listenarr.Api.Tests\bin\Debug\net7.0\Listenarr.Api.Tests.dll" adapterTypeName="executor://xunit/VsTestRunner2/netcoreapp" className="Listenarr.Api.Tests.QualityProfileScoringTests" name="ForbiddenWord_ShouldReject" />
    </UnitTest>
    <UnitTest name="Listenarr.Api.Tests.DownloadProcessingTests.ProcessCompletedDownload_CreatesAudiobookFileAndBroadcasts" storage="c:\users\robbie\documents\github\listenarr\tests\listenarr.api.tests\bin\debug\net7.0\listenarr.api.tests.dll" id="8f46bfcb-696c-54ac-5ed8-289f2bbfb76a">
      <Execution id="776c581b-86d2-4ef4-898d-3449de496236" />
      <TestMethod codeBase="c:\Users\Robbie\Documents\GitHub\listenarr\tests\Listenarr.Api.Tests\bin\Debug\net7.0\Listenarr.Api.Tests.dll" adapterTypeName="executor://xunit/VsTestRunner2/netcoreapp" className="Listenarr.Api.Tests.DownloadProcessingTests" name="ProcessCompletedDownload_CreatesAudiobookFileAndBroadcasts" />
    </UnitTest>
    <UnitTest name="Listenarr.Api.Tests.AudioFileServiceTests.EnsureAudiobookFileAsync_CreatesFileRecord_HappyPath" storage="c:\users\robbie\documents\github\listenarr\tests\listenarr.api.tests\bin\debug\net7.0\listenarr.api.tests.dll" id="1f7b9da8-f76b-de99-90c5-1bffbb647ed0">
      <Execution id="cd749319-6207-4a9a-994a-82729c855f0b" />
      <TestMethod codeBase="c:\Users\Robbie\Documents\GitHub\listenarr\tests\Listenarr.Api.Tests\bin\Debug\net7.0\Listenarr.Api.Tests.dll" adapterTypeName="executor://xunit/VsTestRunner2/netcoreapp" className="Listenarr.Api.Tests.AudioFileServiceTests" name="EnsureAudiobookFileAsync_CreatesFileRecord_HappyPath" />
    </UnitTest>
    <UnitTest name="Listenarr.Api.Tests.ParseLanguageTests.ParseLanguageFromText_RecognizesCodes(input: &quot;Some Title (EN)&quot;, expected: &quot;English&quot;)" storage="c:\users\robbie\documents\github\listenarr\tests\listenarr.api.tests\bin\debug\net7.0\listenarr.api.tests.dll" id="3227f5c8-f480-1e59-31da-b3b6c9c29f8d">
      <Execution id="13163383-753d-441c-af12-6f7922fe1d15" />
      <TestMethod codeBase="c:\Users\Robbie\Documents\GitHub\listenarr\tests\Listenarr.Api.Tests\bin\Debug\net7.0\Listenarr.Api.Tests.dll" adapterTypeName="executor://xunit/VsTestRunner2/netcoreapp" className="Listenarr.Api.Tests.ParseLanguageTests" name="ParseLanguageFromText_RecognizesCodes" />
    </UnitTest>
    <UnitTest name="Listenarr.Api.Tests.MetadataIntegrationTests.EnsureAudiobookFileAsync_PersistsMetadataFromMetadataService" storage="c:\users\robbie\documents\github\listenarr\tests\listenarr.api.tests\bin\debug\net7.0\listenarr.api.tests.dll" id="38fb669c-0c05-c42a-dd5b-193fb0ee5b99">
      <Execution id="bab11add-d216-4f0d-8cf5-87d25c2cae5b" />
      <TestMethod codeBase="c:\Users\Robbie\Documents\GitHub\listenarr\tests\Listenarr.Api.Tests\bin\Debug\net7.0\Listenarr.Api.Tests.dll" adapterTypeName="executor://xunit/VsTestRunner2/netcoreapp" className="Listenarr.Api.Tests.MetadataIntegrationTests" name="EnsureAudiobookFileAsync_PersistsMetadataFromMetadataService" />
    </UnitTest>
    <UnitTest name="Listenarr.Api.Tests.AuthenticationMiddlewareTests.AllowAnonymousEndpoint_IsAccessible_WhenAuthRequired" storage="c:\users\robbie\documents\github\listenarr\tests\listenarr.api.tests\bin\debug\net7.0\listenarr.api.tests.dll" id="f29a3f81-95b3-4e73-5e37-6a6f61cb5543">
      <Execution id="8b24a695-56ce-4193-a4a7-c2487ec8c413" />
      <TestMethod codeBase="c:\Users\Robbie\Documents\GitHub\listenarr\tests\Listenarr.Api.Tests\bin\Debug\net7.0\Listenarr.Api.Tests.dll" adapterTypeName="executor://xunit/VsTestRunner2/netcoreapp" className="Listenarr.Api.Tests.AuthenticationMiddlewareTests" name="AllowAnonymousEndpoint_IsAccessible_WhenAuthRequired" />
    </UnitTest>
    <UnitTest name="Listenarr.Api.Tests.AuthenticationMiddlewareTests.ProtectedEndpoint_Returns401_WhenUnauthenticated_AndAuthRequired" storage="c:\users\robbie\documents\github\listenarr\tests\listenarr.api.tests\bin\debug\net7.0\listenarr.api.tests.dll" id="e242989b-64c3-3464-e2d8-32c6adcd0759">
      <Execution id="3ca591cf-3330-4e11-9845-b6a5b8d4bff8" />
      <TestMethod codeBase="c:\Users\Robbie\Documents\GitHub\listenarr\tests\Listenarr.Api.Tests\bin\Debug\net7.0\Listenarr.Api.Tests.dll" adapterTypeName="executor://xunit/VsTestRunner2/netcoreapp" className="Listenarr.Api.Tests.AuthenticationMiddlewareTests" name="ProtectedEndpoint_Returns401_WhenUnauthenticated_AndAuthRequired" />
    </UnitTest>
    <UnitTest name="Listenarr.Api.Tests.QualityProfileScoringTests.PerfectMatch_ShouldBeHighScore" storage="c:\users\robbie\documents\github\listenarr\tests\listenarr.api.tests\bin\debug\net7.0\listenarr.api.tests.dll" id="3fa9c2aa-6b67-2527-d5a8-89d6ef50772d">
      <Execution id="f899aacf-0324-4a89-aeff-5e7d22cbf71b" />
      <TestMethod codeBase="c:\Users\Robbie\Documents\GitHub\listenarr\tests\Listenarr.Api.Tests\bin\Debug\net7.0\Listenarr.Api.Tests.dll" adapterTypeName="executor://xunit/VsTestRunner2/netcoreapp" className="Listenarr.Api.Tests.QualityProfileScoringTests" name="PerfectMatch_ShouldBeHighScore" />
    </UnitTest>
  </TestDefinitions>
  <TestEntries>
    <TestEntry testId="36e766b6-7d98-9251-6e3c-57b618c61c1c" executionId="a9ef1a39-bb4a-4a42-ab6c-606be2b71c27" testListId="8c84fa94-04c1-424b-9868-57a2d4851a1d" />
    <TestEntry testId="1f7b9da8-f76b-de99-90c5-1bffbb647ed0" executionId="cd749319-6207-4a9a-994a-82729c855f0b" testListId="8c84fa94-04c1-424b-9868-57a2d4851a1d" />
    <TestEntry testId="f9d4fced-415c-3d46-80ce-c33950fae78e" executionId="c6384095-6153-480c-839e-24c5858a65a3" testListId="8c84fa94-04c1-424b-9868-57a2d4851a1d" />
    <TestEntry testId="8f46bfcb-696c-54ac-5ed8-289f2bbfb76a" executionId="776c581b-86d2-4ef4-898d-3449de496236" testListId="8c84fa94-04c1-424b-9868-57a2d4851a1d" />
    <TestEntry testId="f29a3f81-95b3-4e73-5e37-6a6f61cb5543" executionId="8b24a695-56ce-4193-a4a7-c2487ec8c413" testListId="8c84fa94-04c1-424b-9868-57a2d4851a1d" />
    <TestEntry testId="e242989b-64c3-3464-e2d8-32c6adcd0759" executionId="3ca591cf-3330-4e11-9845-b6a5b8d4bff8" testListId="8c84fa94-04c1-424b-9868-57a2d4851a1d" />
    <TestEntry testId="5ad46b5c-b19a-1c1f-0a45-080b41fb39b0" executionId="5b9fcc53-6c82-4b45-bc4c-24a72ea83f06" testListId="8c84fa94-04c1-424b-9868-57a2d4851a1d" />
    <TestEntry testId="3227f5c8-f480-1e59-31da-b3b6c9c29f8d" executionId="13163383-753d-441c-af12-6f7922fe1d15" testListId="8c84fa94-04c1-424b-9868-57a2d4851a1d" />
    <TestEntry testId="d94625d8-3713-ad7b-4d09-8421d78340ba" executionId="6b956597-7e1a-4e85-b030-8fe1a68f0e9e" testListId="8c84fa94-04c1-424b-9868-57a2d4851a1d" />
    <TestEntry testId="28e0b528-da02-8226-e980-3bb1b6a33d55" executionId="7d5740e6-8f29-41f9-b773-9a9264f9501c" testListId="8c84fa94-04c1-424b-9868-57a2d4851a1d" />
    <TestEntry testId="3ed5d020-327e-4fdc-e2fe-1baf156c53de" executionId="be9044dd-e5d7-44b8-b754-1b9046e23956" testListId="8c84fa94-04c1-424b-9868-57a2d4851a1d" />
    <TestEntry testId="e734e2c5-b5f3-cd39-4483-8efe2759d5bc" executionId="d60e39f0-a335-43c3-81ee-80c64a42e89b" testListId="8c84fa94-04c1-424b-9868-57a2d4851a1d" />
    <TestEntry testId="f4637a9f-60ce-4f95-adac-ff796ba8d9a6" executionId="93c384ac-936e-4247-bc9e-77331d585a05" testListId="8c84fa94-04c1-424b-9868-57a2d4851a1d" />
    <TestEntry testId="485ca6e5-988c-abe6-925a-3c2342235ae8" executionId="dd9f4a8d-e1a8-4e3d-b611-8eda7f1e0479" testListId="8c84fa94-04c1-424b-9868-57a2d4851a1d" />
    <TestEntry testId="cdb07a7c-a190-7fd7-3264-199d51ff3200" executionId="3e835fd6-0d1b-4686-b757-2c46068b2c77" testListId="8c84fa94-04c1-424b-9868-57a2d4851a1d" />
    <TestEntry testId="7fa842dc-ec16-d426-851c-5b3a3b63f1f0" executionId="8eb7f4d0-0329-4326-837d-68e43211918f" testListId="8c84fa94-04c1-424b-9868-57a2d4851a1d" />
    <TestEntry testId="38fb669c-0c05-c42a-dd5b-193fb0ee5b99" executionId="bab11add-d216-4f0d-8cf5-87d25c2cae5b" testListId="8c84fa94-04c1-424b-9868-57a2d4851a1d" />
    <TestEntry testId="184d69cc-d875-f860-4354-fbb4273d0926" executionId="f0083b99-25b4-4316-a4b1-c40288efc0b5" testListId="8c84fa94-04c1-424b-9868-57a2d4851a1d" />
    <TestEntry testId="c6136ea6-7d31-0796-845d-af94ef145b6a" executionId="12679fb6-42e1-4faa-8a88-73e3d79314fb" testListId="8c84fa94-04c1-424b-9868-57a2d4851a1d" />
    <TestEntry testId="f66ade6b-5b0f-f448-c5af-00fd7f5546e3" executionId="52329709-d859-40bc-b2da-7c4e1dbe72b3" testListId="8c84fa94-04c1-424b-9868-57a2d4851a1d" />
    <TestEntry testId="a1ccc234-f6f8-4cb1-ef83-1b763b866b4f" executionId="1ed46c4f-442e-420f-ae9d-908876dfe403" testListId="8c84fa94-04c1-424b-9868-57a2d4851a1d" />
    <TestEntry testId="3fa9c2aa-6b67-2527-d5a8-89d6ef50772d" executionId="f899aacf-0324-4a89-aeff-5e7d22cbf71b" testListId="8c84fa94-04c1-424b-9868-57a2d4851a1d" />
    <TestEntry testId="fe6c124b-82b8-c745-96f1-70c121117f16" executionId="4e389ed7-fa3b-4103-b24c-f1aa16eb4f81" testListId="8c84fa94-04c1-424b-9868-57a2d4851a1d" />
  </TestEntries>
  <TestLists>
    <TestList name="Results Not in a List" id="8c84fa94-04c1-424b-9868-57a2d4851a1d" />
    <TestList name="All Loaded Results" id="19431567-8539-422a-85d7-44ee4e166bda" />
  </TestLists>
  <ResultSummary outcome="Completed">
    <Counters total="23" executed="23" passed="23" failed="0" error="0" timeout="0" aborted="0" inconclusive="0" passedButRunAborted="0" notRunnable="0" notExecuted="0" disconnected="0" warning="0" completed="0" inProgress="0" pending="0" />
    <Output>
      <StdOut>[xUnit.net 00:00:00.00] xUnit.net VSTest Adapter v2.5.0.1+5ebf84cd75 (64-bit .NET 7.0.5)&#xD;
[xUnit.net 00:00:00.12]   Discovering: Listenarr.Api.Tests&#xD;
[xUnit.net 00:00:00.19]   Discovered:  Listenarr.Api.Tests&#xD;
[xUnit.net 00:00:00.19]   Starting:    Listenarr.Api.Tests&#xD;
[xUnit.net 00:00:01.90]   Finished:    Listenarr.Api.Tests&#xD;
</StdOut>
    </Output>
  </ResultSummary>
</TestRun>